SF:/Users/jcmartinez/Developer/DEIN/Projects/_devTB/ToolBox/Validations/Bool.cs
FN:7,System.Boolean ToolBox.Validations.Bool::SomeFalse(System.Boolean[])
FNDA:6,System.Boolean ToolBox.Validations.Bool::SomeFalse(System.Boolean[])
DA:8,6
DA:10,6
DA:11,29
DA:12,7
DA:13,7
DA:14,3
DA:15,3
DA:17,4
DA:18,2
DA:20,1
DA:21,1
DA:22,1
DA:24,6
BRDA:11,37,1,127
BRDA:11,37,0,3
BRDA:13,20,0,7
BRDA:13,20,1,15
LF:13
LH:13
BRF:4
BRH:4
FNF:1
FNH:1
end_of_record
SF:/Users/jcmartinez/Developer/DEIN/Projects/_devTB/ToolBox/Validations/Number.cs
FN:7,System.Boolean ToolBox.Validations.Number::IsNumber(System.String)
FNDA:6,System.Boolean ToolBox.Validations.Number::IsNumber(System.String)
DA:8,6
DA:10,6
DA:11,6
DA:12,6
FN:14,System.Boolean ToolBox.Validations.Number::IsOnRange(System.Int32,System.Int32,System.Int32)
FNDA:5,System.Boolean ToolBox.Validations.Number::IsOnRange(System.Int32,System.Int32,System.Int32)
DA:15,5
DA:16,5
DA:17,5
BRDA:16,3,0,15
BRDA:16,3,1,1
LF:7
LH:7
BRF:2
BRH:2
FNF:2
FNH:2
end_of_record
SF:/Users/jcmartinez/Developer/DEIN/Projects/_devTB/ToolBox/Validations/Strings.cs
FN:7,System.Boolean ToolBox.Validations.Strings::SomeNullOrEmpty(System.String[])
FNDA:7,System.Boolean ToolBox.Validations.Strings::SomeNullOrEmpty(System.String[])
DA:8,7
DA:10,7
DA:11,33
DA:12,8
DA:13,8
DA:14,4
DA:15,4
DA:17,4
DA:18,2
DA:20,1
DA:21,1
DA:22,1
DA:24,7
BRDA:11,39,1,255
BRDA:11,39,0,3
BRDA:13,22,0,15
BRDA:13,22,1,15
LF:13
LH:13
BRF:4
BRH:4
FNF:1
FNH:1
end_of_record
SF:/Users/jcmartinez/Developer/DEIN/Projects/_devTB/ToolBox/Validations/Web.cs
FN:7,System.Boolean ToolBox.Validations.Web::IsUrl(System.String)
FNDA:15,System.Boolean ToolBox.Validations.Web::IsUrl(System.String)
DA:8,15
DA:9,15
DA:11,15
DA:12,15
DA:13,15
DA:14,15
DA:15,15
BRDA:11,12,0,8191
BRDA:11,30,0,63
BRDA:11,30,1,127
BRDA:11,12,1,3
LF:7
LH:7
BRF:4
BRH:4
FNF:1
FNH:1
end_of_record
SF:/Users/jcmartinez/Developer/DEIN/Projects/_devTB/ToolBox/Transform/Strings.cs
FN:7,System.String ToolBox.Transform.Strings::RemoveWords(System.String,System.String[])
FNDA:12,System.String ToolBox.Transform.Strings::RemoveWords(System.String,System.String[])
DA:8,12
DA:9,12
DA:10,12
DA:11,56
DA:12,11
DA:13,11
DA:14,2
DA:15,2
DA:17,9
DA:18,9
DA:19,9
DA:20,9
BRDA:11,88,1,2047
BRDA:11,88,0,511
BRDA:13,27,0,1023
BRDA:13,27,1,1
BRDA:13,47,0,3
BRDA:13,47,1,511
LF:12
LH:12
BRF:6
BRH:6
FNF:1
FNH:1
end_of_record
SF:/Users/jcmartinez/Developer/DEIN/Projects/_devTB/ToolBox/System/Env.cs
FN:7,System.String ToolBox.System.Env::GetValue(System.String)
FNDA:0,System.String ToolBox.System.Env::GetValue(System.String)
DA:8,0
DA:9,0
DA:10,0
FN:12,System.Void ToolBox.System.Env::SetValue(System.String,System.String)
FNDA:0,System.Void ToolBox.System.Env::SetValue(System.String,System.String)
DA:13,0
DA:14,0
DA:15,0
FN:17,System.Boolean ToolBox.System.Env::IsNullOrEmpty(System.String)
FNDA:0,System.Boolean ToolBox.System.Env::IsNullOrEmpty(System.String)
DA:18,0
DA:19,0
DA:20,0
DA:21,0
LF:10
LH:0
BRF:0
BRH:0
FNF:3
FNH:0
end_of_record
SF:/Users/jcmartinez/Developer/DEIN/Projects/_devTB/ToolBox/System/Network.cs
FN:10,System.String ToolBox.System.Network::GetLocalIPv4()
FNDA:0,System.String ToolBox.System.Network::GetLocalIPv4()
DA:11,0
DA:13,0
DA:14,0
DA:15,0
DA:16,0
DA:17,0
DA:18,0
DA:19,0
DA:20,0
FN:22,System.String ToolBox.System.Network::RemoveLastOctetIPv4(System.String)
FNDA:1,System.String ToolBox.System.Network::RemoveLastOctetIPv4(System.String)
DA:23,1
DA:24,1
DA:25,1
DA:26,1
LF:13
LH:4
BRF:0
BRH:0
FNF:2
FNH:1
end_of_record
SF:/Users/jcmartinez/Developer/DEIN/Projects/_devTB/ToolBox/System/User.cs
FN:8,System.String ToolBox.System.User::GetUserName()
FNDA:0,System.String ToolBox.System.User::GetUserName()
DA:9,0
DA:10,0
DA:11,0
BRDA:10,12,0,0
BRDA:10,12,1,0
FN:13,System.String ToolBox.System.User::GetMachine()
FNDA:0,System.String ToolBox.System.User::GetMachine()
DA:14,0
DA:15,0
DA:16,0
FN:18,System.String ToolBox.System.User::GetDomain()
FNDA:0,System.String ToolBox.System.User::GetDomain()
DA:19,0
DA:20,0
DA:21,0
BRDA:20,12,0,0
BRDA:20,12,1,0
LF:9
LH:0
BRF:4
BRH:0
FNF:3
FNH:0
end_of_record
SF:/Users/jcmartinez/Developer/DEIN/Projects/_devTB/ToolBox/Platform/CommandSystemMac.cs
FN:14,ToolBox.Platform.ICommandSystem ToolBox.Platform.CommandSystem::get_Mac()
FNDA:0,ToolBox.Platform.ICommandSystem ToolBox.Platform.CommandSystem::get_Mac()
DA:15,0
DA:16,0
DA:17,0
FN:23,System.String ToolBox.Platform.CommandSystemMac::PathNormalizer(System.String)
FNDA:0,System.String ToolBox.Platform.CommandSystemMac::PathNormalizer(System.String)
DA:24,0
DA:25,0
DA:26,0
FN:28,System.String ToolBox.Platform.CommandSystemMac::GetHomeFolder(System.String)
FNDA:0,System.String ToolBox.Platform.CommandSystemMac::GetHomeFolder(System.String)
DA:29,0
DA:30,0
DA:31,0
LF:9
LH:0
BRF:0
BRH:0
FNF:3
FNH:0
end_of_record
SF:/Users/jcmartinez/Developer/DEIN/Projects/_devTB/ToolBox/Platform/CommandSystemWin.cs
FN:14,ToolBox.Platform.ICommandSystem ToolBox.Platform.CommandSystem::get_Win()
FNDA:0,ToolBox.Platform.ICommandSystem ToolBox.Platform.CommandSystem::get_Win()
DA:15,0
DA:16,0
DA:17,0
FN:23,System.String ToolBox.Platform.CommandSystemWin::PathNormalizer(System.String)
FNDA:0,System.String ToolBox.Platform.CommandSystemWin::PathNormalizer(System.String)
DA:24,0
DA:25,0
DA:26,0
FN:28,System.String ToolBox.Platform.CommandSystemWin::GetHomeFolder(System.String)
FNDA:0,System.String ToolBox.Platform.CommandSystemWin::GetHomeFolder(System.String)
DA:29,0
DA:30,0
DA:31,0
LF:9
LH:0
BRF:0
BRH:0
FNF:3
FNH:0
end_of_record
SF:/Users/jcmartinez/Developer/DEIN/Projects/_devTB/ToolBox/Platform/Platform.cs
FN:8,System.Boolean ToolBox.Platform.OS::IsWin()
FNDA:0,System.Boolean ToolBox.Platform.OS::IsWin()
DA:9,0
FN:11,System.Boolean ToolBox.Platform.OS::IsMac()
FNDA:0,System.Boolean ToolBox.Platform.OS::IsMac()
DA:12,0
FN:14,System.Boolean ToolBox.Platform.OS::IsGnu()
FNDA:0,System.Boolean ToolBox.Platform.OS::IsGnu()
DA:15,0
FN:17,System.String ToolBox.Platform.OS::GetCurrent()
FNDA:0,System.String ToolBox.Platform.OS::GetCurrent()
DA:18,0
DA:19,0
DA:20,0
DA:21,0
DA:22,0
DA:23,0
BRDA:19,6,0,0
BRDA:19,6,1,0
BRDA:19,17,0,0
BRDA:19,25,0,0
BRDA:19,25,1,0
BRDA:19,36,0,0
BRDA:19,44,0,0
BRDA:19,44,1,0
BRDA:19,17,1,0
BRDA:19,36,1,0
LF:9
LH:0
BRF:10
BRH:0
FNF:4
FNH:0
end_of_record
SF:/Users/jcmartinez/Developer/DEIN/Projects/_devTB/ToolBox/Log/FileLogCsv.cs
FN:9,ToolBox.Files.IFileSystem ToolBox.Log.FileLogCsv::get__fileSystem()
FNDA:0,ToolBox.Files.IFileSystem ToolBox.Log.FileLogCsv::get__fileSystem()
DA:10,0
FN:10,System.String ToolBox.Log.FileLogCsv::get__logFile()
FNDA:0,System.String ToolBox.Log.FileLogCsv::get__logFile()
DA:11,0
FN:11,System.Char ToolBox.Log.FileLogCsv::get__logDelimiter()
FNDA:0,System.Char ToolBox.Log.FileLogCsv::get__logDelimiter()
DA:12,0
FN:38,System.Void ToolBox.Log.FileLogCsv::AccessValidation()
FNDA:0,System.Void ToolBox.Log.FileLogCsv::AccessValidation()
DA:39,0
DA:40,0
DA:41,0
DA:42,0
DA:43,0
DA:44,0
DA:45,0
BRDA:40,21,0,0
BRDA:40,21,1,0
FN:47,System.Void ToolBox.Log.FileLogCsv::AddHeaders()
FNDA:0,System.Void ToolBox.Log.FileLogCsv::AddHeaders()
DA:48,0
DA:49,0
DA:50,0
DA:51,0
DA:52,0
DA:53,0
DA:54,0
DA:55,0
DA:56,0
DA:57,0
DA:58,0
DA:59,0
DA:60,0
FN:62,System.Void ToolBox.Log.FileLogCsv::Save(System.Exception,ToolBox.Log.LogLevel)
FNDA:0,System.Void ToolBox.Log.FileLogCsv::Save(System.Exception,ToolBox.Log.LogLevel)
DA:63,0
DA:64,0
DA:65,0
DA:66,0
DA:67,0
DA:68,0
DA:69,0
DA:70,0
DA:72,0
DA:73,0
DA:74,0
DA:75,0
DA:76,0
BRDA:69,163,0,0
BRDA:69,163,1,0
BRDA:69,175,0,0
BRDA:69,175,1,0
BRDA:70,217,0,0
BRDA:70,217,1,0
BRDA:70,229,0,0
BRDA:70,229,1,0
LF:36
LH:0
BRF:10
BRH:0
FNF:6
FNH:0
end_of_record
SF:/Users/jcmartinez/Developer/DEIN/Projects/_devTB/ToolBox/Log/FileLogTxt.cs
FN:8,ToolBox.Files.IFileSystem ToolBox.Log.FileLogTxt::get__fileSystem()
FNDA:0,ToolBox.Files.IFileSystem ToolBox.Log.FileLogTxt::get__fileSystem()
DA:9,0
FN:9,System.String ToolBox.Log.FileLogTxt::get__logFile()
FNDA:0,System.String ToolBox.Log.FileLogTxt::get__logFile()
DA:10,0
FN:34,System.Void ToolBox.Log.FileLogTxt::AccessValidation()
FNDA:0,System.Void ToolBox.Log.FileLogTxt::AccessValidation()
DA:35,0
DA:36,0
DA:37,0
DA:38,0
DA:39,0
DA:40,0
BRDA:36,21,0,0
BRDA:36,21,1,0
FN:42,System.Void ToolBox.Log.FileLogTxt::Save(System.Exception,ToolBox.Log.LogLevel)
FNDA:0,System.Void ToolBox.Log.FileLogTxt::Save(System.Exception,ToolBox.Log.LogLevel)
DA:43,0
DA:44,0
DA:45,0
DA:46,0
DA:47,0
DA:48,0
DA:49,0
DA:50,0
DA:51,0
DA:52,0
DA:53,0
DA:54,0
DA:55,0
DA:56,0
DA:57,0
DA:58,0
DA:59,0
DA:60,0
BRDA:52,151,0,0
BRDA:52,151,1,0
LF:26
LH:0
BRF:4
BRH:0
FNF:4
FNH:0
end_of_record
SF:/Users/jcmartinez/Developer/DEIN/Projects/_devTB/ToolBox/File/DiskConfigurator.cs
FN:12,ToolBox.Files.IFileSystem ToolBox.Files.DiskConfigurator::get__fileSystem()
FNDA:68,ToolBox.Files.IFileSystem ToolBox.Files.DiskConfigurator::get__fileSystem()
DA:13,68
FN:13,ToolBox.Files.INotificationSystem ToolBox.Files.DiskConfigurator::get__notificationSystem()
FNDA:31,ToolBox.Files.INotificationSystem ToolBox.Files.DiskConfigurator::get__notificationSystem()
DA:14,31
FN:34,System.Collections.Generic.List`1<System.String> ToolBox.Files.DiskConfigurator::FilterCreator(System.String[])
FNDA:1,System.Collections.Generic.List`1<System.String> ToolBox.Files.DiskConfigurator::FilterCreator(System.String[])
DA:35,1
DA:36,1
DA:37,1
FN:39,System.Collections.Generic.List`1<System.String> ToolBox.Files.DiskConfigurator::FilterCreator(System.Boolean,System.String[])
FNDA:7,System.Collections.Generic.List`1<System.String> ToolBox.Files.DiskConfigurator::FilterCreator(System.Boolean,System.String[])
DA:40,7
DA:41,7
DA:42,1
DA:43,1
DA:46,6
DA:48,6
DA:49,6
DA:50,6
DA:51,6
DA:52,16
DA:53,6
DA:54,6
DA:55,6
DA:56,4
DA:57,4
DA:58,4
DA:59,6
DA:60,3
DA:61,3
DA:62,3
DA:64,6
DA:65,6
BRDA:41,7,0,1
BRDA:41,7,1,63
BRDA:48,39,0,1
BRDA:48,39,1,63
BRDA:55,86,0,15
BRDA:55,86,1,63
BRDA:59,113,0,7
BRDA:59,113,1,63
FN:67,System.Boolean ToolBox.Files.DiskConfigurator::IsFiltered(System.Collections.Generic.List`1<System.String>,System.String)
FNDA:9,System.Boolean ToolBox.Files.DiskConfigurator::IsFiltered(System.Collections.Generic.List`1<System.String>,System.String)
DA:68,9
DA:69,9
DA:70,1
DA:71,1
DA:74,8
DA:75,8
DA:76,4
DA:77,4
DA:78,4
DA:80,4
DA:81,4
DA:82,9
DA:83,4
DA:84,4
DA:85,8
DA:86,8
BRDA:69,25,0,1
BRDA:69,25,1,255
BRDA:75,42,0,15
BRDA:75,42,1,15
BRDA:75,58,0,15
BRDA:75,58,1,15
FN:88,System.Void ToolBox.Files.DiskConfigurator::CopyAll(System.String,System.String,System.Boolean,System.Collections.Generic.List`1<System.String>)
FNDA:2,System.Void ToolBox.Files.DiskConfigurator::CopyAll(System.String,System.String,System.Boolean,System.Collections.Generic.List`1<System.String>)
DA:89,2
DA:90,2
DA:91,1
DA:92,1
DA:95,1
DA:96,1
DA:97,1
BRDA:90,17,0,1
BRDA:90,17,1,1
FN:99,System.Void ToolBox.Files.DiskConfigurator::CopyDirectories(System.String,System.String)
FNDA:5,System.Void ToolBox.Files.DiskConfigurator::CopyDirectories(System.String,System.String)
DA:100,5
DA:101,5
DA:102,1
DA:103,1
DA:106,4
DA:107,4
DA:108,4
DA:109,7
DA:110,7
DA:111,7
DA:112,5
DA:113,5
DA:114,5
DA:115,5
DA:116,7
DA:117,4
BRDA:101,42,0,1
BRDA:101,42,1,15
FN:119,System.Void ToolBox.Files.DiskConfigurator::CopyFiles(System.String,System.String,System.Boolean,System.Collections.Generic.List`1<System.String>)
FNDA:5,System.Void ToolBox.Files.DiskConfigurator::CopyFiles(System.String,System.String,System.Boolean,System.Collections.Generic.List`1<System.String>)
DA:120,5
DA:121,5
DA:122,1
DA:123,1
DA:126,4
DA:127,4
DA:128,7
DA:129,4
DA:130,7
DA:131,7
DA:132,7
DA:133,7
DA:134,5
DA:135,5
DA:136,5
DA:137,7
DA:138,7
DA:139,7
DA:140,4
BRDA:121,64,0,1
BRDA:121,64,1,15
FN:142,System.Void ToolBox.Files.DiskConfigurator::DeleteAll(System.String,System.Boolean)
FNDA:2,System.Void ToolBox.Files.DiskConfigurator::DeleteAll(System.String,System.Boolean)
DA:143,2
DA:144,2
DA:145,2
DA:146,2
DA:147,2
DA:148,2
DA:149,2
BRDA:144,14,0,3
BRDA:144,14,1,3
LF:92
LH:92
BRF:26
BRH:26
FNF:9
FNH:9
end_of_record
SF:/Users/jcmartinez/Developer/DEIN/Projects/_devTB/ToolBox/File/FileSystemDefault.cs
FN:11,ToolBox.Files.IFileSystem ToolBox.Files.FileSystem::get_Default()
FNDA:0,ToolBox.Files.IFileSystem ToolBox.Files.FileSystem::get_Default()
DA:12,0
DA:13,0
DA:14,0
FN:20,System.String ToolBox.Files.DefaultFileSystem::GetPathRoot(System.String)
FNDA:0,System.String ToolBox.Files.DefaultFileSystem::GetPathRoot(System.String)
DA:21,0
DA:22,0
DA:23,0
FN:25,System.String ToolBox.Files.DefaultFileSystem::GetFullPath(System.String)
FNDA:0,System.String ToolBox.Files.DefaultFileSystem::GetFullPath(System.String)
DA:26,0
DA:27,0
DA:28,0
FN:30,System.String ToolBox.Files.DefaultFileSystem::PathCombine(System.String[])
FNDA:0,System.String ToolBox.Files.DefaultFileSystem::PathCombine(System.String[])
DA:31,0
DA:32,0
DA:33,0
FN:35,System.String ToolBox.Files.DefaultFileSystem::GetFileName(System.String)
FNDA:0,System.String ToolBox.Files.DefaultFileSystem::GetFileName(System.String)
DA:36,0
DA:37,0
DA:38,0
FN:40,System.Boolean ToolBox.Files.DefaultFileSystem::FileExists(System.String)
FNDA:0,System.Boolean ToolBox.Files.DefaultFileSystem::FileExists(System.String)
DA:41,0
DA:42,0
DA:43,0
FN:45,System.IO.FileStream ToolBox.Files.DefaultFileSystem::FileCreate(System.String)
FNDA:0,System.IO.FileStream ToolBox.Files.DefaultFileSystem::FileCreate(System.String)
DA:46,0
DA:47,0
DA:48,0
FN:50,System.IO.StreamWriter ToolBox.Files.DefaultFileSystem::FileAppendText(System.String)
FNDA:0,System.IO.StreamWriter ToolBox.Files.DefaultFileSystem::FileAppendText(System.String)
DA:51,0
DA:52,0
DA:53,0
FN:55,System.Void ToolBox.Files.DefaultFileSystem::CopyFile(System.String,System.String,System.Boolean)
FNDA:0,System.Void ToolBox.Files.DefaultFileSystem::CopyFile(System.String,System.String,System.Boolean)
DA:56,0
DA:57,0
DA:58,0
FN:60,System.Void ToolBox.Files.DefaultFileSystem::MoveFile(System.String,System.String)
FNDA:0,System.Void ToolBox.Files.DefaultFileSystem::MoveFile(System.String,System.String)
DA:61,0
DA:62,0
DA:63,0
FN:65,System.Void ToolBox.Files.DefaultFileSystem::DeleteFile(System.String)
FNDA:0,System.Void ToolBox.Files.DefaultFileSystem::DeleteFile(System.String)
DA:66,0
DA:67,0
DA:68,0
FN:70,System.Collections.Generic.IEnumerable`1<System.String> ToolBox.Files.DefaultFileSystem::GetFiles(System.String,System.String)
FNDA:0,System.Collections.Generic.IEnumerable`1<System.String> ToolBox.Files.DefaultFileSystem::GetFiles(System.String,System.String)
DA:71,0
DA:72,0
DA:73,0
BRDA:72,4,0,0
BRDA:72,4,1,0
FN:75,System.Collections.Generic.IEnumerable`1<System.String> ToolBox.Files.DefaultFileSystem::GetFiles(System.String,System.String,System.IO.SearchOption)
FNDA:0,System.Collections.Generic.IEnumerable`1<System.String> ToolBox.Files.DefaultFileSystem::GetFiles(System.String,System.String,System.IO.SearchOption)
DA:76,0
DA:77,0
DA:78,0
BRDA:77,4,0,0
BRDA:77,4,1,0
FN:82,System.String ToolBox.Files.DefaultFileSystem::GetDirectoryName(System.String)
FNDA:0,System.String ToolBox.Files.DefaultFileSystem::GetDirectoryName(System.String)
DA:83,0
DA:84,0
DA:85,0
FN:87,System.Boolean ToolBox.Files.DefaultFileSystem::DirectoryExists(System.String)
FNDA:0,System.Boolean ToolBox.Files.DefaultFileSystem::DirectoryExists(System.String)
DA:88,0
DA:89,0
DA:90,0
FN:92,System.Void ToolBox.Files.DefaultFileSystem::DeleteDirectory(System.String,System.Boolean)
FNDA:0,System.Void ToolBox.Files.DefaultFileSystem::DeleteDirectory(System.String,System.Boolean)
DA:93,0
DA:95,0
DA:96,0
DA:97,0
DA:98,0
DA:99,0
DA:101,0
DA:102,0
FN:104,System.Void ToolBox.Files.DefaultFileSystem::CreateDirectory(System.String)
FNDA:0,System.Void ToolBox.Files.DefaultFileSystem::CreateDirectory(System.String)
DA:105,0
DA:106,0
DA:107,0
FN:109,System.Collections.Generic.IEnumerable`1<System.String> ToolBox.Files.DefaultFileSystem::GetDirectories(System.String,System.String)
FNDA:0,System.Collections.Generic.IEnumerable`1<System.String> ToolBox.Files.DefaultFileSystem::GetDirectories(System.String,System.String)
DA:110,0
DA:111,0
DA:112,0
BRDA:111,4,0,0
BRDA:111,4,1,0
FN:114,System.Collections.Generic.IEnumerable`1<System.String> ToolBox.Files.DefaultFileSystem::GetDirectories(System.String,System.String,System.IO.SearchOption)
FNDA:0,System.Collections.Generic.IEnumerable`1<System.String> ToolBox.Files.DefaultFileSystem::GetDirectories(System.String,System.String,System.IO.SearchOption)
DA:115,0
DA:116,0
DA:117,0
BRDA:116,4,0,0
BRDA:116,4,1,0
LF:62
LH:0
BRF:8
BRH:0
FNF:19
FNH:0
end_of_record
SF:/Users/jcmartinez/Developer/DEIN/Projects/_devTB/ToolBox/File/NotificationSystemDefault.cs
FN:11,ToolBox.Files.INotificationSystem ToolBox.Files.NotificationSystem::get_Default()
FNDA:24,ToolBox.Files.INotificationSystem ToolBox.Files.NotificationSystem::get_Default()
DA:12,24
DA:13,24
DA:14,24
FN:20,System.Void ToolBox.Files.DefaultNotificationSystem::ShowAction(System.String,System.String)
FNDA:5,System.Void ToolBox.Files.DefaultNotificationSystem::ShowAction(System.String,System.String)
DA:21,5
DA:23,5
LF:5
LH:5
BRF:0
BRH:0
FNF:2
FNH:2
end_of_record
SF:/Users/jcmartinez/Developer/DEIN/Projects/_devTB/ToolBox/File/PathsConfigurator.cs
FN:10,ToolBox.Platform.ICommandSystem ToolBox.Files.PathsConfigurator::get__commandSystem()
FNDA:19,ToolBox.Platform.ICommandSystem ToolBox.Files.PathsConfigurator::get__commandSystem()
DA:11,19
FN:11,ToolBox.Files.IFileSystem ToolBox.Files.PathsConfigurator::get__fileSystem()
FNDA:33,ToolBox.Files.IFileSystem ToolBox.Files.PathsConfigurator::get__fileSystem()
DA:12,33
FN:30,System.String ToolBox.Files.PathsConfigurator::Combine(System.String[])
FNDA:2,System.String ToolBox.Files.PathsConfigurator::Combine(System.String[])
DA:31,2
DA:32,2
DA:33,2
DA:34,2
DA:35,2
FN:37,System.String ToolBox.Files.PathsConfigurator::Split(System.String,System.String)
FNDA:5,System.String ToolBox.Files.PathsConfigurator::Split(System.String,System.String)
DA:38,5
DA:39,5
DA:40,1
DA:41,1
DA:44,4
DA:45,1
DA:46,1
DA:49,3
DA:50,3
DA:51,2
DA:52,2
DA:53,2
DA:54,3
DA:55,3
BRDA:39,9,0,1
BRDA:39,9,1,15
BRDA:44,31,0,1
BRDA:44,31,1,7
BRDA:50,60,0,3
BRDA:50,60,1,7
FN:57,System.String ToolBox.Files.PathsConfigurator::GetFileName(System.String)
FNDA:1,System.String ToolBox.Files.PathsConfigurator::GetFileName(System.String)
DA:58,1
DA:59,1
DA:60,1
DA:61,1
DA:64,0
DA:65,0
BRDA:59,9,0,1
BRDA:59,9,1,0
FN:67,System.Collections.Generic.List`1<System.String> ToolBox.Files.PathsConfigurator::GetFiles(System.String,System.String,System.IO.SearchOption)
FNDA:4,System.Collections.Generic.List`1<System.String> ToolBox.Files.PathsConfigurator::GetFiles(System.String,System.String,System.IO.SearchOption)
DA:68,4
DA:69,4
DA:70,1
DA:71,1
DA:74,12
DA:75,3
DA:76,3
BRDA:69,17,0,1
BRDA:69,17,1,7
BRDA:74,45,0,1
BRDA:74,45,1,7
FN:78,System.String ToolBox.Files.PathsConfigurator::GetDirectoryName(System.String)
FNDA:1,System.String ToolBox.Files.PathsConfigurator::GetDirectoryName(System.String)
DA:79,1
DA:80,1
DA:81,1
DA:82,1
DA:85,0
DA:86,0
BRDA:80,9,0,1
BRDA:80,9,1,0
FN:88,System.Collections.Generic.List`1<System.String> ToolBox.Files.PathsConfigurator::GetDirectories(System.String,System.String)
FNDA:4,System.Collections.Generic.List`1<System.String> ToolBox.Files.PathsConfigurator::GetDirectories(System.String,System.String)
DA:89,4
DA:90,4
DA:91,1
DA:92,1
DA:95,12
DA:96,3
DA:97,3
BRDA:90,17,0,1
BRDA:90,17,1,7
BRDA:95,44,0,1
BRDA:95,44,1,7
LF:47
LH:43
BRF:18
BRH:16
FNF:8
FNH:8
end_of_record