SF:C:\Dev\xunit\xunit\src\xunit.runner.reporters\Utility\EnvironmentHelper.cs
FN:17,System.String Xunit.EnvironmentHelper::GetEnvironmentVariable(System.String)
FNDA:3,System.String Xunit.EnvironmentHelper::GetEnvironmentVariable(System.String)
DA:18,3
FN:22,System.Reflection.MethodInfo Xunit.EnvironmentHelper::GetEnvironmentVariableMethod()
FNDA:1,System.Reflection.MethodInfo Xunit.EnvironmentHelper::GetEnvironmentVariableMethod()
DA:23,1
DA:24,1
DA:25,0
DA:27,1
BRDA:24,40,0,0
BRDA:24,40,1,1
FN:13,System.Void Xunit.EnvironmentHelper::.cctor()
FNDA:1,System.Void Xunit.EnvironmentHelper::.cctor()
DA:14,1
LF:6
LH:5
BRF:2
BRH:1
FNF:3
FNH:3
end_of_record
SF:C:\Dev\xunit\xunit\src\common\Json.cs
FN:25,System.Int32 Xunit.JsonArray::get_Length()
FNDA:0,System.Int32 Xunit.JsonArray::get_Length()
DA:26,0
FN:30,Xunit.JsonValue Xunit.JsonArray::get_Item(System.Int32)
FNDA:0,Xunit.JsonValue Xunit.JsonArray::get_Item(System.Int32)
DA:31,0
FN:13,System.Void Xunit.JsonArray::.ctor(Xunit.JsonValue[],System.Int32,System.Int32)
FNDA:0,System.Void Xunit.JsonArray::.ctor(Xunit.JsonValue[],System.Int32,System.Int32)
DA:14,0
DA:16,0
DA:18,0
DA:21,0
DA:22,0
BRDA:16,9,0,0
BRDA:16,9,1,0
FN:53,System.Boolean Xunit.JsonBoolean::get_Value()
FNDA:0,System.Boolean Xunit.JsonBoolean::get_Value()
DA:54,0
FN:57,System.Boolean Xunit.JsonBoolean::op_Implicit(Xunit.JsonBoolean)
FNDA:0,System.Boolean Xunit.JsonBoolean::op_Implicit(Xunit.JsonBoolean)
DA:58,0
FN:37,System.Void Xunit.JsonBoolean::.ctor(Xunit.JsonToken)
FNDA:0,System.Void Xunit.JsonBoolean::.ctor(Xunit.JsonToken)
DA:38,0
DA:40,0
DA:42,0
DA:43,0
DA:44,0
DA:46,0
DA:47,0
DA:50,0
BRDA:40,25,0,0
BRDA:40,25,1,0
BRDA:44,42,0,0
BRDA:44,42,1,0
FN:85,Xunit.JsonToken Xunit.JsonBuffer::Read()
FNDA:0,Xunit.JsonToken Xunit.JsonBuffer::Read()
DA:86,0
DA:88,0
DA:90,0
DA:91,0
DA:93,0
DA:99,0
DA:100,0
DA:101,0
DA:103,0
DA:105,0
DA:106,0
DA:107,0
DA:109,0
DA:110,0
DA:111,0
DA:113,0
DA:114,0
DA:115,0
DA:117,0
DA:118,0
DA:119,0
DA:121,0
DA:122,0
DA:123,0
DA:125,0
DA:126,0
DA:127,0
DA:129,0
DA:130,0
DA:131,0
DA:132,0
DA:134,0
DA:135,0
DA:136,0
DA:137,0
DA:139,0
DA:140,0
DA:141,0
DA:142,0
DA:144,0
DA:145,0
DA:146,0
DA:147,0
DA:149,0
DA:150,0
DA:151,0
DA:154,0
DA:155,0
DA:156,0
DA:160,0
BRDA:93,37,1,0
BRDA:88,9,0,0
BRDA:88,9,1,0
BRDA:93,37,0,0
BRDA:103,97,0,0
BRDA:103,97,1,0
BRDA:107,119,0,0
BRDA:107,119,1,0
BRDA:111,141,0,0
BRDA:111,141,1,0
BRDA:115,163,0,0
BRDA:115,163,1,0
BRDA:119,185,0,0
BRDA:119,185,1,0
BRDA:123,207,0,0
BRDA:123,207,1,0
BRDA:127,229,0,0
BRDA:127,229,1,0
BRDA:132,269,0,0
BRDA:132,269,1,0
BRDA:137,299,0,0
BRDA:137,299,1,0
BRDA:142,329,0,0
BRDA:142,329,1,0
BRDA:147,359,0,0
BRDA:147,359,1,0
BRDA:147,364,0,0
BRDA:147,364,1,0
BRDA:147,369,0,0
BRDA:147,369,1,0
FN:166,System.Int32 Xunit.JsonBuffer::ReadNextChar()
FNDA:0,System.Int32 Xunit.JsonBuffer::ReadNextChar()
DA:167,0
DA:168,0
DA:169,0
DA:173,0
DA:177,0
DA:178,0
DA:180,0
DA:185,0
BRDA:169,38,1,0
BRDA:169,28,0,0
BRDA:169,33,0,0
BRDA:169,28,1,0
BRDA:169,33,1,0
BRDA:169,38,0,0
FN:194,System.String Xunit.JsonBuffer::ReadNumber(System.Int32)
FNDA:0,System.String Xunit.JsonBuffer::ReadNumber(System.Int32)
DA:195,0
DA:197,0
DA:201,0
DA:203,0
DA:204,0
DA:205,0
DA:206,0
DA:208,0
DA:209,0
DA:216,0
BRDA:203,41,0,0
BRDA:203,41,1,0
BRDA:203,46,0,0
BRDA:203,51,0,0
BRDA:203,56,0,0
BRDA:203,46,1,0
BRDA:203,51,1,0
BRDA:203,56,1,0
BRDA:203,61,0,0
BRDA:203,61,1,0
FN:220,System.Void Xunit.JsonBuffer::ReadLiteral(System.String)
FNDA:0,System.Void Xunit.JsonBuffer::ReadLiteral(System.String)
DA:221,0
DA:223,0
DA:224,0
DA:226,0
DA:227,0
DA:228,0
DA:232,0
DA:236,0
DA:237,0
DA:238,0
DA:239,0
DA:240,0
DA:241,0
DA:242,0
DA:244,0
DA:245,0
DA:246,0
DA:248,0
BRDA:221,66,1,0
BRDA:224,22,0,0
BRDA:224,22,1,0
BRDA:221,66,0,0
BRDA:237,83,0,0
BRDA:237,88,0,0
BRDA:237,93,0,0
BRDA:237,98,0,0
BRDA:237,102,0,0
BRDA:237,110,0,0
BRDA:237,83,1,0
BRDA:237,88,1,0
BRDA:237,93,1,0
BRDA:237,98,1,0
BRDA:237,102,1,0
BRDA:237,110,1,0
FN:254,System.String Xunit.JsonBuffer::ReadString()
FNDA:0,System.String Xunit.JsonBuffer::ReadString()
DA:255,0
DA:257,0
DA:259,0
DA:261,0
DA:263,0
DA:265,0
DA:266,0
DA:267,0
DA:269,0
DA:271,0
DA:273,0
DA:274,0
DA:275,0
DA:278,0
DA:279,0
DA:280,0
DA:283,0
DA:284,0
DA:285,0
DA:288,0
DA:289,0
DA:290,0
DA:293,0
DA:294,0
DA:295,0
DA:298,0
DA:299,0
DA:300,0
DA:303,0
DA:304,0
DA:309,0
DA:311,0
DA:313,0
DA:314,0
DA:316,0
DA:317,0
DA:318,0
DA:319,0
DA:323,0
DA:329,0
DA:330,0
DA:331,0
DA:332,0
DA:334,0
DA:335,0
DA:336,0
DA:337,0
DA:338,0
DA:343,0
DA:344,0
DA:345,0
DA:346,0
DA:349,0
DA:350,0
DA:351,0
DA:353,0
DA:354,0
DA:355,0
DA:361,0
DA:365,0
BRDA:263,23,0,0
BRDA:263,23,1,0
BRDA:263,28,0,0
BRDA:263,28,1,0
BRDA:269,54,0,0
BRDA:271,62,0,0
BRDA:271,67,0,0
BRDA:271,62,1,0
BRDA:271,67,1,0
BRDA:271,72,0,0
BRDA:271,72,1,0
BRDA:275,96,0,0
BRDA:275,96,1,0
BRDA:280,119,0,0
BRDA:280,119,1,0
BRDA:285,143,0,0
BRDA:285,143,1,0
BRDA:290,167,0,0
BRDA:290,167,1,0
BRDA:295,191,0,0
BRDA:295,191,1,0
BRDA:300,215,0,0
BRDA:311,299,1,0
BRDA:314,260,0,0
BRDA:314,260,1,0
BRDA:311,299,0,0
BRDA:300,215,1,0
BRDA:269,54,1,0
BRDA:351,429,0,0
BRDA:351,429,1,0
BRDA:355,441,0,0
BRDA:355,441,1,0
FN:369,System.Boolean Xunit.JsonBuffer::IsWhitespace(System.Int32)
FNDA:0,System.Boolean Xunit.JsonBuffer::IsWhitespace(System.Int32)
DA:370,0
BRDA:370,3,0,0
BRDA:370,8,0,0
BRDA:370,3,1,0
BRDA:370,8,1,0
FN:67,System.Void Xunit.JsonBuffer::.ctor(System.IO.TextReader)
FNDA:0,System.Void Xunit.JsonBuffer::.ctor(System.IO.TextReader)
DA:68,0
DA:69,0
DA:75,0
DA:77,0
DA:78,0
DA:79,0
FN:377,Xunit.JsonValue Xunit.JsonDeserializer::Deserialize(System.IO.TextReader)
FNDA:0,Xunit.JsonValue Xunit.JsonDeserializer::Deserialize(System.IO.TextReader)
DA:378,0
DA:380,0
DA:383,0
DA:385,0
DA:388,0
DA:389,0
DA:391,0
DA:392,0
DA:393,0
DA:396,0
BRDA:378,1,0,0
BRDA:378,1,1,0
BRDA:389,48,0,0
BRDA:389,48,1,0
FN:400,Xunit.JsonValue Xunit.JsonDeserializer::DeserializeInternal(Xunit.JsonToken,Xunit.JsonBuffer)
FNDA:0,Xunit.JsonValue Xunit.JsonDeserializer::DeserializeInternal(Xunit.JsonToken,Xunit.JsonBuffer)
DA:401,0
DA:403,0
DA:406,0
DA:408,0
DA:411,0
DA:413,0
DA:416,0
DA:418,0
DA:421,0
DA:423,0
DA:426,0
DA:428,0
DA:431,0
DA:433,0
DA:436,0
DA:437,0
DA:438,0
BRDA:401,8,0,0
BRDA:401,8,1,0
BRDA:406,19,0,0
BRDA:406,19,1,0
BRDA:411,35,0,0
BRDA:411,35,1,0
BRDA:416,53,0,0
BRDA:416,53,1,0
BRDA:421,86,0,0
BRDA:421,86,1,0
BRDA:421,95,0,0
BRDA:421,95,1,0
BRDA:426,111,0,0
BRDA:426,111,1,0
BRDA:431,139,0,0
BRDA:431,139,1,0
FN:442,Xunit.JsonArray Xunit.JsonDeserializer::DeserializeArray(Xunit.JsonToken,Xunit.JsonBuffer)
FNDA:0,Xunit.JsonArray Xunit.JsonDeserializer::DeserializeArray(Xunit.JsonToken,Xunit.JsonBuffer)
DA:443,0
DA:446,0
DA:447,0
DA:452,0
DA:454,0
DA:455,0
DA:457,0
DA:458,0
DA:459,0
DA:461,0
DA:465,0
DA:467,0
DA:468,0
DA:469,0
DA:473,0
BRDA:465,89,1,0
BRDA:447,20,0,0
BRDA:455,50,0,0
BRDA:455,50,1,0
BRDA:461,80,0,0
BRDA:465,89,0,0
BRDA:447,20,1,0
BRDA:461,80,1,0
FN:477,Xunit.JsonObject Xunit.JsonDeserializer::DeserializeObject(Xunit.JsonToken,Xunit.JsonBuffer)
FNDA:0,Xunit.JsonObject Xunit.JsonDeserializer::DeserializeObject(Xunit.JsonToken,Xunit.JsonBuffer)
DA:478,0
DA:483,0
DA:484,0
DA:486,0
DA:487,0
DA:488,0
DA:491,0
DA:493,0
DA:494,0
DA:495,0
DA:497,0
DA:503,0
DA:505,0
DA:506,0
DA:507,0
DA:510,0
DA:511,0
DA:513,0
DA:514,0
DA:515,0
DA:518,0
DA:519,0
DA:521,0
DA:522,0
DA:523,0
DA:526,0
DA:528,0
DA:529,0
DA:533,0
DA:535,0
DA:536,0
DA:537,0
DA:542,0
BRDA:533,220,1,0
BRDA:484,21,0,0
BRDA:484,21,1,0
BRDA:491,49,0,0
BRDA:491,49,1,0
BRDA:497,77,0,0
BRDA:503,90,0,0
BRDA:503,90,1,0
BRDA:511,128,0,0
BRDA:511,128,1,0
BRDA:519,157,0,0
BRDA:519,157,1,0
BRDA:529,211,0,0
BRDA:533,220,0,0
BRDA:497,77,1,0
BRDA:529,211,1,0
FN:568,System.Int32 Xunit.JsonDeserializerException::get_Line()
FNDA:0,System.Int32 Xunit.JsonDeserializerException::get_Line()
DA:569,0
FN:570,System.Int32 Xunit.JsonDeserializerException::get_Column()
FNDA:0,System.Int32 Xunit.JsonDeserializerException::get_Column()
DA:571,0
FN:548,System.Void Xunit.JsonDeserializerException::.ctor(System.String,System.Exception,System.Int32,System.Int32)
FNDA:0,System.Void Xunit.JsonDeserializerException::.ctor(System.String,System.Exception,System.Int32,System.Int32)
DA:549,0
DA:551,0
DA:552,0
DA:553,0
FN:555,System.Void Xunit.JsonDeserializerException::.ctor(System.String,System.Int32,System.Int32)
FNDA:0,System.Void Xunit.JsonDeserializerException::.ctor(System.String,System.Int32,System.Int32)
DA:556,0
DA:558,0
DA:559,0
DA:560,0
FN:562,System.Void Xunit.JsonDeserializerException::.ctor(System.String,Xunit.JsonToken)
FNDA:0,System.Void Xunit.JsonDeserializerException::.ctor(System.String,Xunit.JsonToken)
DA:563,0
DA:565,0
DA:566,0
DA:567,0
FN:577,System.String Xunit.JsonDeserializerResource::Format_IllegalCharacter(System.Int32)
FNDA:0,System.String Xunit.JsonDeserializerResource::Format_IllegalCharacter(System.Int32)
DA:578,0
FN:582,System.String Xunit.JsonDeserializerResource::Format_IllegalTrailingCharacterAfterLiteral(System.Int32,System.String)
FNDA:0,System.String Xunit.JsonDeserializerResource::Format_IllegalTrailingCharacterAfterLiteral(System.Int32,System.String)
DA:583,0
FN:587,System.String Xunit.JsonDeserializerResource::Format_UnrecognizedLiteral(System.String)
FNDA:0,System.String Xunit.JsonDeserializerResource::Format_UnrecognizedLiteral(System.String)
DA:588,0
FN:592,System.String Xunit.JsonDeserializerResource::Format_DuplicateObjectMemberName(System.String)
FNDA:0,System.String Xunit.JsonDeserializerResource::Format_DuplicateObjectMemberName(System.String)
DA:593,0
FN:597,System.String Xunit.JsonDeserializerResource::Format_InvalidFloatNumberFormat(System.String)
FNDA:0,System.String Xunit.JsonDeserializerResource::Format_InvalidFloatNumberFormat(System.String)
DA:598,0
FN:602,System.String Xunit.JsonDeserializerResource::Format_FloatNumberOverflow(System.String)
FNDA:0,System.String Xunit.JsonDeserializerResource::Format_FloatNumberOverflow(System.String)
DA:603,0
FN:607,System.String Xunit.JsonDeserializerResource::Format_InvalidSyntax(System.String,System.String)
FNDA:0,System.String Xunit.JsonDeserializerResource::Format_InvalidSyntax(System.String,System.String)
DA:608,0
FN:612,System.String Xunit.JsonDeserializerResource::Format_InvalidSyntaxNotExpected(System.String,System.Char)
FNDA:0,System.String Xunit.JsonDeserializerResource::Format_InvalidSyntaxNotExpected(System.String,System.Char)
DA:613,0
FN:617,System.String Xunit.JsonDeserializerResource::Format_InvalidSyntaxNotExpected(System.String,System.String)
FNDA:0,System.String Xunit.JsonDeserializerResource::Format_InvalidSyntaxNotExpected(System.String,System.String)
DA:618,0
FN:622,System.String Xunit.JsonDeserializerResource::Format_InvalidSyntaxExpectation(System.String,System.Char)
FNDA:0,System.String Xunit.JsonDeserializerResource::Format_InvalidSyntaxExpectation(System.String,System.Char)
DA:623,0
FN:627,System.String Xunit.JsonDeserializerResource::Format_InvalidSyntaxExpectation(System.String,System.String)
FNDA:0,System.String Xunit.JsonDeserializerResource::Format_InvalidSyntaxExpectation(System.String,System.String)
DA:628,0
FN:632,System.String Xunit.JsonDeserializerResource::Format_InvalidSyntaxExpectation(System.String,System.Char,System.Char)
FNDA:0,System.String Xunit.JsonDeserializerResource::Format_InvalidSyntaxExpectation(System.String,System.Char,System.Char)
DA:633,0
FN:637,System.String Xunit.JsonDeserializerResource::Format_InvalidTokenExpectation(System.String,System.String)
FNDA:0,System.String Xunit.JsonDeserializerResource::Format_InvalidTokenExpectation(System.String,System.String)
DA:638,0
FN:642,System.String Xunit.JsonDeserializerResource::Format_InvalidUnicode(System.String)
FNDA:0,System.String Xunit.JsonDeserializerResource::Format_InvalidUnicode(System.String)
DA:643,0
FN:647,System.String Xunit.JsonDeserializerResource::Format_UnfinishedJSON(System.String)
FNDA:0,System.String Xunit.JsonDeserializerResource::Format_UnfinishedJSON(System.String)
DA:648,0
FN:652,System.String Xunit.JsonDeserializerResource::get_JSON_OpenString()
FNDA:0,System.String Xunit.JsonDeserializerResource::get_JSON_OpenString()
DA:653,0
FN:657,System.String Xunit.JsonDeserializerResource::get_JSON_InvalidEnd()
FNDA:0,System.String Xunit.JsonDeserializerResource::get_JSON_InvalidEnd()
DA:658,0
FN:664,System.Void Xunit.JsonNull::.ctor(System.Int32,System.Int32)
FNDA:0,System.Void Xunit.JsonNull::.ctor(System.Int32,System.Int32)
DA:665,0
DA:667,0
FN:702,System.Double Xunit.JsonNumber::get_Double()
FNDA:0,System.Double Xunit.JsonNumber::get_Double()
DA:703,0
FN:707,System.String Xunit.JsonNumber::get_Raw()
FNDA:0,System.String Xunit.JsonNumber::get_Raw()
DA:708,0
FN:675,System.Void Xunit.JsonNumber::.ctor(Xunit.JsonToken)
FNDA:0,System.Void Xunit.JsonNumber::.ctor(Xunit.JsonToken)
DA:676,0
DA:680,0
DA:681,0
DA:682,0
DA:683,0
DA:685,0
DA:686,0
DA:687,0
DA:688,0
DA:689,0
DA:691,0
DA:693,0
DA:694,0
DA:695,0
DA:696,0
DA:697,0
DA:699,0
FN:728,System.Collections.Generic.ICollection`1<System.String> Xunit.JsonObject::get_Keys()
FNDA:0,System.Collections.Generic.ICollection`1<System.String> Xunit.JsonObject::get_Keys()
DA:729,0
FN:734,Xunit.JsonValue Xunit.JsonObject::Value(System.String)
FNDA:0,Xunit.JsonValue Xunit.JsonObject::Value(System.String)
DA:735,0
DA:737,0
DA:740,0
BRDA:735,14,0,0
BRDA:735,14,1,0
FN:744,Xunit.JsonObject Xunit.JsonObject::ValueAsJsonObject(System.String)
FNDA:0,Xunit.JsonObject Xunit.JsonObject::ValueAsJsonObject(System.String)
DA:745,0
FN:749,Xunit.JsonString Xunit.JsonObject::ValueAsString(System.String)
FNDA:0,Xunit.JsonString Xunit.JsonObject::ValueAsString(System.String)
DA:750,0
FN:754,System.Int32 Xunit.JsonObject::ValueAsInt(System.String)
FNDA:0,System.Int32 Xunit.JsonObject::ValueAsInt(System.String)
DA:755,0
DA:756,0
DA:758,0
DA:760,0
BRDA:756,13,0,0
BRDA:756,13,1,0
FN:764,System.Boolean Xunit.JsonObject::ValueAsBoolean(System.String,System.Boolean)
FNDA:0,System.Boolean Xunit.JsonObject::ValueAsBoolean(System.String,System.Boolean)
DA:765,0
DA:766,0
DA:768,0
DA:771,0
BRDA:766,14,0,0
BRDA:766,14,1,0
FN:775,System.Nullable`1<System.Boolean> Xunit.JsonObject::ValueAsNullableBoolean(System.String)
FNDA:0,System.Nullable`1<System.Boolean> Xunit.JsonObject::ValueAsNullableBoolean(System.String)
DA:776,0
DA:777,0
DA:779,0
DA:782,0
BRDA:777,14,0,0
BRDA:777,14,1,0
FN:786,System.String[] Xunit.JsonObject::ValueAsStringArray(System.String)
FNDA:0,System.String[] Xunit.JsonObject::ValueAsStringArray(System.String)
DA:787,0
DA:788,0
DA:790,0
DA:793,0
DA:795,0
DA:797,0
DA:798,0
DA:801,0
BRDA:788,14,0,0
BRDA:788,14,1,0
BRDA:795,73,1,0
BRDA:798,50,0,0
BRDA:798,50,1,0
BRDA:795,73,0,0
FN:716,System.Void Xunit.JsonObject::.ctor(System.Collections.Generic.IDictionary`2<System.String,Xunit.JsonValue>,System.Int32,System.Int32)
FNDA:0,System.Void Xunit.JsonObject::.ctor(System.Collections.Generic.IDictionary`2<System.String,Xunit.JsonValue>,System.Int32,System.Int32)
DA:717,0
DA:719,0
DA:721,0
DA:724,0
DA:725,0
BRDA:719,9,0,0
BRDA:719,9,1,0
FN:821,System.String Xunit.JsonString::get_Value()
FNDA:0,System.String Xunit.JsonString::get_Value()
DA:822,0
FN:826,System.String Xunit.JsonString::ToString()
FNDA:0,System.String Xunit.JsonString::ToString()
DA:827,0
FN:831,System.String Xunit.JsonString::op_Implicit(Xunit.JsonString)
FNDA:0,System.String Xunit.JsonString::op_Implicit(Xunit.JsonString)
DA:832,0
DA:834,0
DA:838,0
BRDA:832,1,0,0
BRDA:832,1,1,0
FN:809,System.Void Xunit.JsonString::.ctor(System.String,System.Int32,System.Int32)
FNDA:0,System.Void Xunit.JsonString::.ctor(System.String,System.Int32,System.Int32)
DA:810,0
DA:812,0
DA:814,0
DA:817,0
DA:818,0
BRDA:812,9,0,0
BRDA:812,9,1,0
FN:874,System.Int32 Xunit.JsonValue::get_Line()
FNDA:0,System.Int32 Xunit.JsonValue::get_Line()
DA:875,0
FN:876,System.Int32 Xunit.JsonValue::get_Column()
FNDA:0,System.Int32 Xunit.JsonValue::get_Column()
DA:877,0
FN:868,System.Void Xunit.JsonValue::.ctor(System.Int32,System.Int32)
FNDA:0,System.Void Xunit.JsonValue::.ctor(System.Int32,System.Int32)
DA:869,0
DA:871,0
DA:872,0
DA:873,0
LF:344
LH:0
BRF:168
BRH:0
FNF:59
FNH:0
end_of_record
SF:C:\Dev\xunit\xunit\src\common\XunitWorkerThread.cs
FN:75,System.Void Xunit.Sdk.XunitWorkerThread::Dispose()
FNDA:0,System.Void Xunit.Sdk.XunitWorkerThread::Dispose()
DA:76,0
FN:79,System.Void Xunit.Sdk.XunitWorkerThread::Join()
FNDA:0,System.Void Xunit.Sdk.XunitWorkerThread::Join()
DA:80,0
DA:81,0
DA:82,0
BRDA:80,11,0,0
BRDA:80,11,1,0
FN:85,System.Void Xunit.Sdk.XunitWorkerThread::QueueUserWorkItem(System.Action,System.Threading.EventWaitHandle)
FNDA:0,System.Void Xunit.Sdk.XunitWorkerThread::QueueUserWorkItem(System.Action,System.Threading.EventWaitHandle)
DA:86,0
DA:87,0
DA:88,0
DA:89,0
DA:90,0
DA:91,0
DA:92,0
DA:93,0
DA:94,0
DA:95,0
DA:96,0
DA:97,0
DA:98,0
DA:99,0
DA:100,0
DA:101,0
BRDA:86,6,0,0
BRDA:86,6,1,0
FN:69,System.Void Xunit.Sdk.XunitWorkerThread::.ctor(System.Action)
FNDA:0,System.Void Xunit.Sdk.XunitWorkerThread::.ctor(System.Action)
DA:70,0
DA:72,0
DA:73,0
DA:74,0
BRDA:72,13,0,0
BRDA:72,13,1,0
LF:24
LH:0
BRF:8
BRH:0
FNF:4
FNH:0
end_of_record
SF:C:\Dev\xunit\xunit\src\xunit.runner.reporters\AppVeyorClient.cs
FN:42,System.Void Xunit.Runner.Reporters.AppVeyorClient::WaitOne(System.Threading.CancellationToken)
FNDA:0,System.Void Xunit.Runner.Reporters.AppVeyorClient::WaitOne(System.Threading.CancellationToken)
DA:43,0
DA:44,0
DA:46,0
DA:47,0
DA:48,0
FN:81,System.Void Xunit.Runner.Reporters.AppVeyorClient::AddTest(System.Collections.Generic.IDictionary`2<System.String,System.Object>)
FNDA:0,System.Void Xunit.Runner.Reporters.AppVeyorClient::AddTest(System.Collections.Generic.IDictionary`2<System.String,System.Object>)
DA:82,0
DA:83,0
DA:84,0
FN:87,System.Void Xunit.Runner.Reporters.AppVeyorClient::UpdateTest(System.Collections.Generic.IDictionary`2<System.String,System.Object>)
FNDA:0,System.Void Xunit.Runner.Reporters.AppVeyorClient::UpdateTest(System.Collections.Generic.IDictionary`2<System.String,System.Object>)
DA:88,0
DA:89,0
DA:90,0
FN:129,System.String Xunit.Runner.Reporters.AppVeyorClient::ToJson(System.Collections.Generic.IEnumerable`1<System.Collections.Generic.IDictionary`2<System.String,System.Object>>)
FNDA:0,System.String Xunit.Runner.Reporters.AppVeyorClient::ToJson(System.Collections.Generic.IEnumerable`1<System.Collections.Generic.IDictionary`2<System.String,System.Object>>)
DA:130,0
DA:131,0
BRDA:130,12,0,0
BRDA:130,12,1,0
FN:17,System.Void Xunit.Runner.Reporters.AppVeyorClient::.ctor(Xunit.IRunnerLogger,System.String)
FNDA:0,System.Void Xunit.Runner.Reporters.AppVeyorClient::.ctor(Xunit.IRunnerLogger,System.String)
DA:18,0
DA:20,0
DA:21,0
DA:23,0
DA:24,0
DA:26,0
DA:27,0
DA:32,0
DA:33,0
DA:36,0
DA:38,0
FN:53,System.Void Xunit.Runner.Reporters.AppVeyorClient/<RunLoop>d__13::MoveNext()
FNDA:0,System.Void Xunit.Runner.Reporters.AppVeyorClient/<RunLoop>d__13::MoveNext()
DA:54,0
DA:56,0
DA:57,0
DA:60,0
DA:61,0
DA:63,0
DA:66,0
DA:67,0
DA:68,0
DA:69,0
DA:71,0
DA:72,0
DA:75,0
DA:77,0
BRDA:54,254,1,0
BRDA:54,270,1,0
BRDA:54,286,1,0
BRDA:63,92,0,0
BRDA:66,172,0,0
BRDA:66,172,1,0
BRDA:54,254,0,0
BRDA:54,270,0,0
BRDA:63,92,1,0
BRDA:54,286,0,0
BRDA:72,300,0,0
BRDA:72,300,1,0
FN:93,System.Void Xunit.Runner.Reporters.AppVeyorClient/<SendRequest>d__16::MoveNext()
FNDA:0,System.Void Xunit.Runner.Reporters.AppVeyorClient/<SendRequest>d__16::MoveNext()
DA:94,0
DA:95,0
DA:97,0
DA:101,0
DA:103,0
DA:104,0
DA:105,0
DA:106,0
DA:107,0
DA:108,0
DA:110,0
DA:112,0
DA:113,0
DA:115,0
DA:116,0
DA:118,0
DA:119,0
DA:120,0
DA:122,0
DA:123,0
DA:125,0
BRDA:94,28,0,0
BRDA:94,28,1,0
BRDA:97,54,0,0
BRDA:97,54,1,0
BRDA:110,174,0,0
BRDA:112,223,0,0
BRDA:110,174,1,0
BRDA:112,223,1,0
BRDA:113,306,0,0
BRDA:113,306,1,0
LF:59
LH:0
BRF:24
BRH:0
FNF:7
FNH:0
end_of_record
SF:C:\Dev\xunit\xunit\src\xunit.runner.reporters\AppVeyorReporter.cs
FN:7,System.String Xunit.Runner.Reporters.AppVeyorReporter::get_Description()
FNDA:0,System.String Xunit.Runner.Reporters.AppVeyorReporter::get_Description()
DA:8,0
FN:10,System.Boolean Xunit.Runner.Reporters.AppVeyorReporter::get_IsEnvironmentallyEnabled()
FNDA:1,System.Boolean Xunit.Runner.Reporters.AppVeyorReporter::get_IsEnvironmentallyEnabled()
DA:11,1
FN:13,System.String Xunit.Runner.Reporters.AppVeyorReporter::get_RunnerSwitch()
FNDA:0,System.String Xunit.Runner.Reporters.AppVeyorReporter::get_RunnerSwitch()
DA:14,0
FN:17,Xunit.Abstractions.IMessageSink Xunit.Runner.Reporters.AppVeyorReporter::CreateMessageHandler(Xunit.IRunnerLogger)
FNDA:0,Xunit.Abstractions.IMessageSink Xunit.Runner.Reporters.AppVeyorReporter::CreateMessageHandler(Xunit.IRunnerLogger)
DA:18,0
DA:19,0
DA:20,0
DA:21,0
BRDA:19,12,0,0
BRDA:19,12,1,0
LF:7
LH:1
BRF:2
BRH:0
FNF:4
FNH:1
end_of_record
SF:C:\Dev\xunit\xunit\src\xunit.runner.reporters\AppVeyorReporterMessageHandler.cs
FN:35,System.Void Xunit.Runner.Reporters.AppVeyorReporterMessageHandler::HandleTestAssemblyFinished(Xunit.MessageHandlerArgs`1<Xunit.Abstractions.ITestAssemblyFinished>)
FNDA:0,System.Void Xunit.Runner.Reporters.AppVeyorReporterMessageHandler::HandleTestAssemblyFinished(Xunit.MessageHandlerArgs`1<Xunit.Abstractions.ITestAssemblyFinished>)
DA:36,0
DA:38,0
DA:40,0
DA:43,0
DA:44,0
DA:46,0
DA:47,0
BRDA:40,37,0,0
BRDA:40,37,1,0
FN:50,System.Void Xunit.Runner.Reporters.AppVeyorReporterMessageHandler::HandleTestAssemblyStarting(Xunit.MessageHandlerArgs`1<Xunit.Abstractions.ITestAssemblyStarting>)
FNDA:0,System.Void Xunit.Runner.Reporters.AppVeyorReporterMessageHandler::HandleTestAssemblyStarting(Xunit.MessageHandlerArgs`1<Xunit.Abstractions.ITestAssemblyStarting>)
DA:51,0
DA:53,0
DA:56,0
DA:57,0
DA:59,0
DA:60,0
DA:61,0
DA:63,0
DA:65,0
DA:66,0
DA:67,0
DA:68,0
BRDA:57,63,0,0
BRDA:57,63,1,0
BRDA:60,113,0,0
BRDA:60,113,1,0
BRDA:65,187,0,0
BRDA:65,187,1,0
FN:71,System.Void Xunit.Runner.Reporters.AppVeyorReporterMessageHandler::HandleTestStarting(Xunit.MessageHandlerArgs`1<Xunit.Abstractions.ITestStarting>)
FNDA:0,System.Void Xunit.Runner.Reporters.AppVeyorReporterMessageHandler::HandleTestStarting(Xunit.MessageHandlerArgs`1<Xunit.Abstractions.ITestStarting>)
DA:72,0
DA:74,0
DA:75,0
DA:76,0
DA:77,0
DA:79,0
DA:80,0
BRDA:76,74,0,0
BRDA:76,74,1,0
FN:83,System.Void Xunit.Runner.Reporters.AppVeyorReporterMessageHandler::HandleTestPassed(Xunit.MessageHandlerArgs`1<Xunit.Abstractions.ITestPassed>)
FNDA:0,System.Void Xunit.Runner.Reporters.AppVeyorReporterMessageHandler::HandleTestPassed(Xunit.MessageHandlerArgs`1<Xunit.Abstractions.ITestPassed>)
DA:84,0
DA:85,0
DA:87,0
DA:88,0
DA:90,0
DA:91,0
FN:94,System.Void Xunit.Runner.Reporters.AppVeyorReporterMessageHandler::HandleTestSkipped(Xunit.MessageHandlerArgs`1<Xunit.Abstractions.ITestSkipped>)
FNDA:0,System.Void Xunit.Runner.Reporters.AppVeyorReporterMessageHandler::HandleTestSkipped(Xunit.MessageHandlerArgs`1<Xunit.Abstractions.ITestSkipped>)
DA:95,0
DA:96,0
DA:98,0
DA:99,0
DA:101,0
DA:102,0
FN:105,System.Void Xunit.Runner.Reporters.AppVeyorReporterMessageHandler::HandleTestFailed(Xunit.MessageHandlerArgs`1<Xunit.Abstractions.ITestFailed>)
FNDA:0,System.Void Xunit.Runner.Reporters.AppVeyorReporterMessageHandler::HandleTestFailed(Xunit.MessageHandlerArgs`1<Xunit.Abstractions.ITestFailed>)
DA:106,0
DA:108,0
DA:109,0
DA:110,0
DA:111,0
DA:113,0
DA:114,0
FN:119,System.String Xunit.Runner.Reporters.AppVeyorReporterMessageHandler::GetFinishedTestName(System.String,System.Collections.Generic.Dictionary`2<System.String,System.Int32>)
FNDA:0,System.String Xunit.Runner.Reporters.AppVeyorReporterMessageHandler::GetFinishedTestName(System.String,System.Collections.Generic.Dictionary`2<System.String,System.Int32>)
DA:120,0
DA:122,0
DA:123,0
DA:125,0
DA:127,0
DA:128,0
DA:131,0
DA:132,0
DA:134,0
BRDA:125,23,0,0
BRDA:125,23,1,0
FN:138,System.Void Xunit.Runner.Reporters.AppVeyorReporterMessageHandler::AppVeyorAddTest(System.String,System.String,System.String,System.String,System.Nullable`1<System.Int64>,System.String,System.String,System.String)
FNDA:0,System.Void Xunit.Runner.Reporters.AppVeyorReporterMessageHandler::AppVeyorAddTest(System.String,System.String,System.String,System.String,System.Nullable`1<System.Int64>,System.String,System.String,System.String)
DA:139,0
DA:140,0
DA:141,0
DA:142,0
DA:143,0
DA:144,0
DA:145,0
DA:146,0
DA:147,0
DA:148,0
DA:149,0
DA:151,0
DA:152,0
FN:156,System.Void Xunit.Runner.Reporters.AppVeyorReporterMessageHandler::AppVeyorUpdateTest(System.String,System.String,System.String,System.String,System.Nullable`1<System.Int64>,System.String,System.String,System.String)
FNDA:0,System.Void Xunit.Runner.Reporters.AppVeyorReporterMessageHandler::AppVeyorUpdateTest(System.String,System.String,System.String,System.String,System.Nullable`1<System.Int64>,System.String,System.String,System.String)
DA:157,0
DA:158,0
DA:159,0
DA:160,0
DA:161,0
DA:162,0
DA:163,0
DA:164,0
DA:165,0
DA:166,0
DA:167,0
DA:169,0
DA:170,0
FN:172,System.String Xunit.Runner.Reporters.AppVeyorReporterMessageHandler::TrimStdOut(System.String)
FNDA:0,System.String Xunit.Runner.Reporters.AppVeyorReporterMessageHandler::TrimStdOut(System.String)
DA:173,0
BRDA:173,1,0,0
BRDA:173,1,1,0
BRDA:173,14,0,0
BRDA:173,14,1,0
FN:16,System.Void Xunit.Runner.Reporters.AppVeyorReporterMessageHandler::.ctor(Xunit.IRunnerLogger,System.String)
FNDA:0,System.Void Xunit.Runner.Reporters.AppVeyorReporterMessageHandler::.ctor(Xunit.IRunnerLogger,System.String)
DA:17,0
DA:22,0
DA:25,0
DA:27,0
DA:29,0
DA:30,0
DA:31,0
DA:32,0
LF:89
LH:0
BRF:16
BRH:0
FNF:11
FNH:0
end_of_record
SF:C:\Dev\xunit\xunit\src\xunit.runner.reporters\JsonExtentions.cs
FN:12,System.String Xunit.Runner.Reporters.JsonExtentions::ToJson(System.Collections.Generic.IDictionary`2<System.String,System.Object>)
FNDA:0,System.String Xunit.Runner.Reporters.JsonExtentions::ToJson(System.Collections.Generic.IDictionary`2<System.String,System.Object>)
DA:13,0
DA:15,0
DA:16,0
DA:18,0
BRDA:15,48,1,0
BRDA:15,48,0,0
FN:22,System.Void Xunit.Runner.Reporters.JsonExtentions::AddValue(System.Text.StringBuilder,System.String,System.Object)
FNDA:0,System.Void Xunit.Runner.Reporters.JsonExtentions::AddValue(System.Text.StringBuilder,System.String,System.Object)
DA:23,0
DA:24,0
DA:26,0
DA:27,0
DA:29,0
DA:30,0
DA:31,0
DA:32,0
DA:33,0
DA:34,0
DA:35,0
DA:36,0
DA:38,0
DA:39,0
BRDA:23,1,0,0
BRDA:23,1,1,0
BRDA:26,10,0,0
BRDA:26,10,1,0
BRDA:29,27,0,0
BRDA:29,35,0,0
BRDA:29,43,0,0
BRDA:29,51,0,0
BRDA:29,27,1,0
BRDA:29,35,1,0
BRDA:29,43,1,0
BRDA:29,51,1,0
BRDA:29,59,0,0
BRDA:29,59,1,0
BRDA:31,92,0,0
BRDA:31,92,1,0
BRDA:33,127,0,0
BRDA:33,127,1,0
BRDA:35,175,0,0
BRDA:35,175,1,0
FN:42,System.String Xunit.Runner.Reporters.JsonExtentions::JsonEscape(System.String)
FNDA:0,System.String Xunit.Runner.Reporters.JsonExtentions::JsonEscape(System.String)
DA:43,0
DA:45,0
DA:46,0
DA:48,0
DA:49,0
DA:50,0
DA:51,0
DA:52,0
DA:54,0
DA:55,0
DA:57,0
DA:61,0
BRDA:45,176,1,0
BRDA:46,27,0,0
BRDA:46,55,0,0
BRDA:46,60,0,0
BRDA:46,55,1,0
BRDA:46,27,1,0
BRDA:46,27,5,0
BRDA:46,27,2,0
BRDA:46,27,3,0
BRDA:46,27,4,0
BRDA:46,60,1,0
BRDA:54,135,0,0
BRDA:54,135,1,0
BRDA:45,176,0,0
FN:138,System.Collections.Generic.Dictionary`2<System.String,System.Object> Xunit.Runner.Reporters.JsonExtentions::initObject(System.String,System.Object,System.Type,System.String)
FNDA:0,System.Collections.Generic.Dictionary`2<System.String,System.Object> Xunit.Runner.Reporters.JsonExtentions::initObject(System.String,System.Object,System.Type,System.String)
DA:139,0
DA:141,0
DA:142,0
DA:143,0
DA:145,0
DA:146,0
DA:148,0
BRDA:142,49,0,0
BRDA:142,49,1,0
BRDA:145,103,1,0
BRDA:145,103,0,0
FN:154,System.String Xunit.Runner.Reporters.JsonExtentions::ToJson(Xunit.Abstractions.ITestCollectionStarting,System.String)
FNDA:0,System.String Xunit.Runner.Reporters.JsonExtentions::ToJson(Xunit.Abstractions.ITestCollectionStarting,System.String)
DA:155,0
DA:157,0
FN:161,System.String Xunit.Runner.Reporters.JsonExtentions::ToJson(Xunit.Abstractions.ITestCollectionFinished,System.String)
FNDA:0,System.String Xunit.Runner.Reporters.JsonExtentions::ToJson(Xunit.Abstractions.ITestCollectionFinished,System.String)
DA:162,0
DA:164,0
FN:168,System.String Xunit.Runner.Reporters.JsonExtentions::ToJson(Xunit.Abstractions.ITestFailed,System.String)
FNDA:0,System.String Xunit.Runner.Reporters.JsonExtentions::ToJson(Xunit.Abstractions.ITestFailed,System.String)
DA:169,0
DA:171,0
FN:175,System.String Xunit.Runner.Reporters.JsonExtentions::ToJson(Xunit.Abstractions.ITestSkipped,System.String)
FNDA:0,System.String Xunit.Runner.Reporters.JsonExtentions::ToJson(Xunit.Abstractions.ITestSkipped,System.String)
DA:176,0
DA:177,0
DA:178,0
FN:182,System.String Xunit.Runner.Reporters.JsonExtentions::ToJson(Xunit.Abstractions.ITestStarting,System.String)
FNDA:0,System.String Xunit.Runner.Reporters.JsonExtentions::ToJson(Xunit.Abstractions.ITestStarting,System.String)
DA:183,0
DA:185,0
FN:189,System.String Xunit.Runner.Reporters.JsonExtentions::ToJson(Xunit.Abstractions.IErrorMessage)
FNDA:0,System.String Xunit.Runner.Reporters.JsonExtentions::ToJson(Xunit.Abstractions.IErrorMessage)
DA:190,0
DA:192,0
FN:196,System.String Xunit.Runner.Reporters.JsonExtentions::ToJson(Xunit.Abstractions.ITestPassed,System.String)
FNDA:0,System.String Xunit.Runner.Reporters.JsonExtentions::ToJson(Xunit.Abstractions.ITestPassed,System.String)
DA:197,0
DA:199,0
FN:203,System.String Xunit.Runner.Reporters.JsonExtentions::ToJson(Xunit.Abstractions.ITestMethodCleanupFailure)
FNDA:0,System.String Xunit.Runner.Reporters.JsonExtentions::ToJson(Xunit.Abstractions.ITestMethodCleanupFailure)
DA:204,0
DA:206,0
FN:210,System.String Xunit.Runner.Reporters.JsonExtentions::ToJson(Xunit.Abstractions.ITestCleanupFailure)
FNDA:0,System.String Xunit.Runner.Reporters.JsonExtentions::ToJson(Xunit.Abstractions.ITestCleanupFailure)
DA:211,0
DA:213,0
FN:217,System.String Xunit.Runner.Reporters.JsonExtentions::ToJson(Xunit.Abstractions.ITestCollectionCleanupFailure)
FNDA:0,System.String Xunit.Runner.Reporters.JsonExtentions::ToJson(Xunit.Abstractions.ITestCollectionCleanupFailure)
DA:218,0
DA:220,0
FN:224,System.String Xunit.Runner.Reporters.JsonExtentions::ToJson(Xunit.Abstractions.ITestClassCleanupFailure)
FNDA:0,System.String Xunit.Runner.Reporters.JsonExtentions::ToJson(Xunit.Abstractions.ITestClassCleanupFailure)
DA:225,0
DA:227,0
FN:231,System.String Xunit.Runner.Reporters.JsonExtentions::ToJson(Xunit.Abstractions.ITestAssemblyCleanupFailure)
FNDA:0,System.String Xunit.Runner.Reporters.JsonExtentions::ToJson(Xunit.Abstractions.ITestAssemblyCleanupFailure)
DA:232,0
DA:234,0
FN:238,System.String Xunit.Runner.Reporters.JsonExtentions::ToJson(Xunit.Abstractions.ITestCaseCleanupFailure)
FNDA:0,System.String Xunit.Runner.Reporters.JsonExtentions::ToJson(Xunit.Abstractions.ITestCaseCleanupFailure)
DA:239,0
DA:241,0
FN:67,System.Void Xunit.Runner.Reporters.JsonExtentions::.cctor()
FNDA:0,System.Void Xunit.Runner.Reporters.JsonExtentions::.cctor()
DA:68,0
DA:69,0
DA:70,0
DA:71,0
DA:72,0
DA:73,0
DA:74,0
DA:75,0
DA:76,0
DA:77,0
DA:79,0
DA:80,0
DA:81,0
DA:82,0
DA:83,0
DA:84,0
DA:85,0
DA:86,0
DA:87,0
DA:88,0
DA:89,0
DA:91,0
DA:92,0
DA:93,0
DA:94,0
DA:95,0
DA:96,0
DA:97,0
DA:98,0
DA:99,0
DA:101,0
DA:102,0
DA:103,0
DA:104,0
DA:105,0
DA:106,0
DA:107,0
DA:108,0
DA:110,0
DA:111,0
DA:112,0
DA:113,0
DA:114,0
DA:115,0
DA:116,0
DA:117,0
DA:118,0
DA:120,0
DA:121,0
DA:122,0
DA:123,0
DA:124,0
DA:125,0
DA:126,0
DA:127,0
DA:128,0
DA:129,0
DA:130,0
DA:131,0
DA:132,0
DA:133,0
DA:134,0
DA:135,0
LF:127
LH:0
BRF:50
BRH:0
FNF:18
FNH:0
end_of_record
SF:C:\Dev\xunit\xunit\src\xunit.runner.reporters\JsonReporter.cs
FN:7,System.String Xunit.Runner.Reporters.JsonReporter::get_Description()
FNDA:0,System.String Xunit.Runner.Reporters.JsonReporter::get_Description()
DA:8,0
FN:10,System.Boolean Xunit.Runner.Reporters.JsonReporter::get_IsEnvironmentallyEnabled()
FNDA:1,System.Boolean Xunit.Runner.Reporters.JsonReporter::get_IsEnvironmentallyEnabled()
DA:11,1
FN:13,System.String Xunit.Runner.Reporters.JsonReporter::get_RunnerSwitch()
FNDA:0,System.String Xunit.Runner.Reporters.JsonReporter::get_RunnerSwitch()
DA:14,0
FN:16,Xunit.Abstractions.IMessageSink Xunit.Runner.Reporters.JsonReporter::CreateMessageHandler(Xunit.IRunnerLogger)
FNDA:0,Xunit.Abstractions.IMessageSink Xunit.Runner.Reporters.JsonReporter::CreateMessageHandler(Xunit.IRunnerLogger)
DA:17,0
LF:4
LH:1
BRF:0
BRH:0
FNF:4
FNH:1
end_of_record
SF:C:\Dev\xunit\xunit\src\xunit.runner.reporters\JsonReporterMessageHandler.cs
FN:40,System.String Xunit.Runner.Reporters.JsonReporterMessageHandler::ToFlowId(System.String)
FNDA:0,System.String Xunit.Runner.Reporters.JsonReporterMessageHandler::ToFlowId(System.String)
DA:41,0
DA:45,0
DA:46,0
DA:47,0
DA:50,0
DA:51,0
DA:53,0
DA:57,0
DA:59,0
DA:60,0
DA:63,0
DA:67,0
DA:68,0
DA:69,0
BRDA:45,25,0,0
BRDA:45,25,1,0
BRDA:57,70,0,0
BRDA:57,70,1,0
FN:13,System.Void Xunit.Runner.Reporters.JsonReporterMessageHandler::.ctor(Xunit.IRunnerLogger)
FNDA:0,System.Void Xunit.Runner.Reporters.JsonReporterMessageHandler::.ctor(Xunit.IRunnerLogger)
DA:14,0
DA:15,0
BRDA:14,8,0,0
BRDA:14,8,1,0
FN:9,System.Void Xunit.Runner.Reporters.JsonReporterMessageHandler::.ctor(Xunit.IRunnerLogger,System.Func`2<System.String,System.String>)
FNDA:0,System.Void Xunit.Runner.Reporters.JsonReporterMessageHandler::.ctor(Xunit.IRunnerLogger,System.Func`2<System.String,System.String>)
DA:10,0
DA:11,0
DA:17,0
DA:19,0
DA:21,0
DA:22,0
DA:23,0
DA:24,0
DA:25,0
DA:26,0
DA:27,0
DA:29,0
DA:30,0
DA:31,0
DA:32,0
DA:33,0
DA:34,0
DA:35,0
LF:34
LH:0
BRF:6
BRH:0
FNF:3
FNH:0
end_of_record
SF:C:\Dev\xunit\xunit\src\xunit.runner.reporters\QuietReporter.cs
FN:7,System.String Xunit.Runner.Reporters.QuietReporter::get_Description()
FNDA:0,System.String Xunit.Runner.Reporters.QuietReporter::get_Description()
DA:8,0
FN:10,System.Boolean Xunit.Runner.Reporters.QuietReporter::get_IsEnvironmentallyEnabled()
FNDA:1,System.Boolean Xunit.Runner.Reporters.QuietReporter::get_IsEnvironmentallyEnabled()
DA:11,1
FN:13,System.String Xunit.Runner.Reporters.QuietReporter::get_RunnerSwitch()
FNDA:0,System.String Xunit.Runner.Reporters.QuietReporter::get_RunnerSwitch()
DA:14,0
FN:16,Xunit.Abstractions.IMessageSink Xunit.Runner.Reporters.QuietReporter::CreateMessageHandler(Xunit.IRunnerLogger)
FNDA:0,Xunit.Abstractions.IMessageSink Xunit.Runner.Reporters.QuietReporter::CreateMessageHandler(Xunit.IRunnerLogger)
DA:17,0
LF:4
LH:1
BRF:0
BRH:0
FNF:4
FNH:1
end_of_record
SF:C:\Dev\xunit\xunit\src\xunit.runner.reporters\QuietReporterMessageHandler.cs
FN:4,System.Void Xunit.Runner.Reporters.QuietReporterMessageHandler::.ctor(Xunit.IRunnerLogger)
FNDA:0,System.Void Xunit.Runner.Reporters.QuietReporterMessageHandler::.ctor(Xunit.IRunnerLogger)
DA:5,0
DA:7,0
DA:8,0
DA:9,0
DA:10,0
DA:11,0
DA:12,0
LF:7
LH:0
BRF:0
BRH:0
FNF:1
FNH:0
end_of_record
SF:C:\Dev\xunit\xunit\src\xunit.runner.reporters\TeamCityReporter.cs
FN:7,System.String Xunit.Runner.Reporters.TeamCityReporter::get_Description()
FNDA:0,System.String Xunit.Runner.Reporters.TeamCityReporter::get_Description()
DA:8,0
FN:10,System.Boolean Xunit.Runner.Reporters.TeamCityReporter::get_IsEnvironmentallyEnabled()
FNDA:1,System.Boolean Xunit.Runner.Reporters.TeamCityReporter::get_IsEnvironmentallyEnabled()
DA:11,1
FN:13,System.String Xunit.Runner.Reporters.TeamCityReporter::get_RunnerSwitch()
FNDA:0,System.String Xunit.Runner.Reporters.TeamCityReporter::get_RunnerSwitch()
DA:14,0
FN:16,Xunit.Abstractions.IMessageSink Xunit.Runner.Reporters.TeamCityReporter::CreateMessageHandler(Xunit.IRunnerLogger)
FNDA:0,Xunit.Abstractions.IMessageSink Xunit.Runner.Reporters.TeamCityReporter::CreateMessageHandler(Xunit.IRunnerLogger)
DA:17,0
LF:4
LH:1
BRF:0
BRH:0
FNF:4
FNH:1
end_of_record
SF:C:\Dev\xunit\xunit\src\xunit.runner.reporters\TeamCityReporterMessageHandler.cs
FN:42,System.Void Xunit.Runner.Reporters.TeamCityReporterMessageHandler::HandleErrorMessage(Xunit.MessageHandlerArgs`1<Xunit.Abstractions.IErrorMessage>)
FNDA:0,System.Void Xunit.Runner.Reporters.TeamCityReporterMessageHandler::HandleErrorMessage(Xunit.MessageHandlerArgs`1<Xunit.Abstractions.IErrorMessage>)
DA:43,0
DA:44,0
DA:45,0
FN:48,System.Void Xunit.Runner.Reporters.TeamCityReporterMessageHandler::HandleTestAssemblyCleanupFailure(Xunit.MessageHandlerArgs`1<Xunit.Abstractions.ITestAssemblyCleanupFailure>)
FNDA:0,System.Void Xunit.Runner.Reporters.TeamCityReporterMessageHandler::HandleTestAssemblyCleanupFailure(Xunit.MessageHandlerArgs`1<Xunit.Abstractions.ITestAssemblyCleanupFailure>)
DA:49,0
DA:50,0
DA:51,0
FN:54,System.Void Xunit.Runner.Reporters.TeamCityReporterMessageHandler::HandleTestCaseCleanupFailure(Xunit.MessageHandlerArgs`1<Xunit.Abstractions.ITestCaseCleanupFailure>)
FNDA:0,System.Void Xunit.Runner.Reporters.TeamCityReporterMessageHandler::HandleTestCaseCleanupFailure(Xunit.MessageHandlerArgs`1<Xunit.Abstractions.ITestCaseCleanupFailure>)
DA:55,0
DA:56,0
DA:57,0
FN:60,System.Void Xunit.Runner.Reporters.TeamCityReporterMessageHandler::HandleTestCaseCleanupFailure(Xunit.MessageHandlerArgs`1<Xunit.Abstractions.ITestClassCleanupFailure>)
FNDA:0,System.Void Xunit.Runner.Reporters.TeamCityReporterMessageHandler::HandleTestCaseCleanupFailure(Xunit.MessageHandlerArgs`1<Xunit.Abstractions.ITestClassCleanupFailure>)
DA:61,0
DA:62,0
DA:63,0
FN:66,System.Void Xunit.Runner.Reporters.TeamCityReporterMessageHandler::HandleTestCollectionCleanupFailure(Xunit.MessageHandlerArgs`1<Xunit.Abstractions.ITestCollectionCleanupFailure>)
FNDA:0,System.Void Xunit.Runner.Reporters.TeamCityReporterMessageHandler::HandleTestCollectionCleanupFailure(Xunit.MessageHandlerArgs`1<Xunit.Abstractions.ITestCollectionCleanupFailure>)
DA:67,0
DA:68,0
DA:69,0
FN:72,System.Void Xunit.Runner.Reporters.TeamCityReporterMessageHandler::HandleTestCollectionFinished(Xunit.MessageHandlerArgs`1<Xunit.Abstractions.ITestCollectionFinished>)
FNDA:0,System.Void Xunit.Runner.Reporters.TeamCityReporterMessageHandler::HandleTestCollectionFinished(Xunit.MessageHandlerArgs`1<Xunit.Abstractions.ITestCollectionFinished>)
DA:73,0
DA:74,0
DA:75,0
FN:78,System.Void Xunit.Runner.Reporters.TeamCityReporterMessageHandler::HandleTestCollectionStarting(Xunit.MessageHandlerArgs`1<Xunit.Abstractions.ITestCollectionStarting>)
FNDA:0,System.Void Xunit.Runner.Reporters.TeamCityReporterMessageHandler::HandleTestCollectionStarting(Xunit.MessageHandlerArgs`1<Xunit.Abstractions.ITestCollectionStarting>)
DA:79,0
DA:80,0
DA:81,0
FN:84,System.Void Xunit.Runner.Reporters.TeamCityReporterMessageHandler::HandleTestCleanupFailure(Xunit.MessageHandlerArgs`1<Xunit.Abstractions.ITestCleanupFailure>)
FNDA:0,System.Void Xunit.Runner.Reporters.TeamCityReporterMessageHandler::HandleTestCleanupFailure(Xunit.MessageHandlerArgs`1<Xunit.Abstractions.ITestCleanupFailure>)
DA:85,0
DA:86,0
DA:87,0
FN:90,System.Void Xunit.Runner.Reporters.TeamCityReporterMessageHandler::HandleTestFailed(Xunit.MessageHandlerArgs`1<Xunit.Abstractions.ITestFailed>)
FNDA:0,System.Void Xunit.Runner.Reporters.TeamCityReporterMessageHandler::HandleTestFailed(Xunit.MessageHandlerArgs`1<Xunit.Abstractions.ITestFailed>)
DA:91,0
DA:92,0
DA:93,0
DA:94,0
FN:97,System.Void Xunit.Runner.Reporters.TeamCityReporterMessageHandler::HandleTestMethodCleanupFailure(Xunit.MessageHandlerArgs`1<Xunit.Abstractions.ITestMethodCleanupFailure>)
FNDA:0,System.Void Xunit.Runner.Reporters.TeamCityReporterMessageHandler::HandleTestMethodCleanupFailure(Xunit.MessageHandlerArgs`1<Xunit.Abstractions.ITestMethodCleanupFailure>)
DA:98,0
DA:99,0
DA:100,0
FN:103,System.Void Xunit.Runner.Reporters.TeamCityReporterMessageHandler::HandleTestPassed(Xunit.MessageHandlerArgs`1<Xunit.Abstractions.ITestPassed>)
FNDA:0,System.Void Xunit.Runner.Reporters.TeamCityReporterMessageHandler::HandleTestPassed(Xunit.MessageHandlerArgs`1<Xunit.Abstractions.ITestPassed>)
DA:104,0
DA:105,0
DA:106,0
FN:109,System.Void Xunit.Runner.Reporters.TeamCityReporterMessageHandler::HandleTestSkipped(Xunit.MessageHandlerArgs`1<Xunit.Abstractions.ITestSkipped>)
FNDA:0,System.Void Xunit.Runner.Reporters.TeamCityReporterMessageHandler::HandleTestSkipped(Xunit.MessageHandlerArgs`1<Xunit.Abstractions.ITestSkipped>)
DA:110,0
DA:111,0
DA:112,0
DA:113,0
FN:116,System.Void Xunit.Runner.Reporters.TeamCityReporterMessageHandler::HandleTestStarting(Xunit.MessageHandlerArgs`1<Xunit.Abstractions.ITestStarting>)
FNDA:0,System.Void Xunit.Runner.Reporters.TeamCityReporterMessageHandler::HandleTestStarting(Xunit.MessageHandlerArgs`1<Xunit.Abstractions.ITestStarting>)
DA:117,0
DA:118,0
DA:119,0
FN:124,System.Void Xunit.Runner.Reporters.TeamCityReporterMessageHandler::LogError(System.String,Xunit.Abstractions.IFailureInformation)
FNDA:0,System.Void Xunit.Runner.Reporters.TeamCityReporterMessageHandler::LogError(System.String,Xunit.Abstractions.IFailureInformation)
DA:125,0
DA:126,0
DA:128,0
DA:129,0
FN:132,System.Void Xunit.Runner.Reporters.TeamCityReporterMessageHandler::LogFinish(Xunit.Abstractions.ITestResultMessage)
FNDA:0,System.Void Xunit.Runner.Reporters.TeamCityReporterMessageHandler::LogFinish(Xunit.Abstractions.ITestResultMessage)
DA:133,0
DA:135,0
DA:136,0
DA:138,0
DA:139,0
BRDA:135,34,0,0
BRDA:135,34,1,0
FN:140,System.Boolean Xunit.Runner.Reporters.TeamCityReporterMessageHandler::IsAscii(System.Char)
FNDA:0,System.Boolean Xunit.Runner.Reporters.TeamCityReporterMessageHandler::IsAscii(System.Char)
DA:141,0
FN:144,System.String Xunit.Runner.Reporters.TeamCityReporterMessageHandler::Escape(System.String)
FNDA:0,System.String Xunit.Runner.Reporters.TeamCityReporterMessageHandler::Escape(System.String)
DA:145,0
DA:146,0
DA:148,0
DA:150,0
DA:153,0
DA:154,0
DA:156,0
DA:157,0
DA:159,0
DA:160,0
DA:162,0
DA:163,0
DA:165,0
DA:166,0
DA:168,0
DA:169,0
DA:171,0
DA:172,0
DA:175,0
DA:176,0
DA:181,0
BRDA:146,210,1,0
BRDA:150,30,0,0
BRDA:150,35,0,0
BRDA:150,40,0,0
BRDA:150,30,1,0
BRDA:150,52,0,0
BRDA:150,57,0,0
BRDA:150,62,0,0
BRDA:150,45,1,0
BRDA:150,35,1,0
BRDA:150,40,1,0
BRDA:150,52,1,0
BRDA:150,57,1,0
BRDA:150,45,0,0
BRDA:150,62,1,0
BRDA:171,154,0,0
BRDA:171,154,1,0
BRDA:146,210,0,0
FN:187,System.String Xunit.Runner.Reporters.TeamCityReporterMessageHandler::ToFlowId(System.String)
FNDA:0,System.String Xunit.Runner.Reporters.TeamCityReporterMessageHandler::ToFlowId(System.String)
DA:188,0
DA:192,0
DA:193,0
DA:194,0
DA:197,0
DA:198,0
DA:200,0
DA:204,0
DA:206,0
DA:207,0
DA:210,0
DA:214,0
DA:215,0
DA:216,0
BRDA:192,25,0,0
BRDA:192,25,1,0
BRDA:204,70,0,0
BRDA:204,70,1,0
FN:12,System.Void Xunit.Runner.Reporters.TeamCityReporterMessageHandler::.ctor(Xunit.IRunnerLogger,System.Func`2<System.String,System.String>,Xunit.Runner.Reporters.TeamCityDisplayNameFormatter)
FNDA:0,System.Void Xunit.Runner.Reporters.TeamCityReporterMessageHandler::.ctor(Xunit.IRunnerLogger,System.Func`2<System.String,System.String>,Xunit.Runner.Reporters.TeamCityDisplayNameFormatter)
DA:13,0
DA:14,0
DA:17,0
DA:18,0
DA:19,0
DA:21,0
DA:22,0
DA:23,0
DA:25,0
DA:27,0
DA:28,0
DA:29,0
DA:30,0
DA:31,0
DA:32,0
DA:33,0
DA:34,0
DA:35,0
DA:36,0
DA:37,0
DA:38,0
DA:39,0
BRDA:22,38,0,0
BRDA:22,47,0,0
BRDA:22,38,1,0
BRDA:22,47,1,0
BRDA:23,80,0,0
BRDA:23,80,1,0
LF:108
LH:0
BRF:30
BRH:0
FNF:19
FNH:0
end_of_record
SF:C:\Dev\xunit\xunit\src\xunit.runner.reporters\Utility\TeamCityDisplayNameFormatter.cs
FN:15,System.String Xunit.Runner.Reporters.TeamCityDisplayNameFormatter::DisplayName(Xunit.Abstractions.ITestCollection)
FNDA:0,System.String Xunit.Runner.Reporters.TeamCityDisplayNameFormatter::DisplayName(Xunit.Abstractions.ITestCollection)
DA:16,0
DA:18,0
DA:20,0
DA:21,0
DA:23,0
DA:25,0
BRDA:18,46,0,0
BRDA:18,46,1,0
FN:29,System.String Xunit.Runner.Reporters.TeamCityDisplayNameFormatter::DisplayName(Xunit.Abstractions.ITest)
FNDA:0,System.String Xunit.Runner.Reporters.TeamCityDisplayNameFormatter::DisplayName(Xunit.Abstractions.ITest)
DA:30,0
FN:9,System.Void Xunit.Runner.Reporters.TeamCityDisplayNameFormatter::.ctor()
FNDA:0,System.Void Xunit.Runner.Reporters.TeamCityDisplayNameFormatter::.ctor()
DA:10,0
LF:8
LH:0
BRF:2
BRH:0
FNF:3
FNH:0
end_of_record
SF:C:\Dev\xunit\xunit\src\xunit.runner.reporters\VerboseReporter.cs
FN:7,System.String Xunit.Runner.Reporters.VerboseReporter::get_Description()
FNDA:0,System.String Xunit.Runner.Reporters.VerboseReporter::get_Description()
DA:8,0
FN:10,System.Boolean Xunit.Runner.Reporters.VerboseReporter::get_IsEnvironmentallyEnabled()
FNDA:1,System.Boolean Xunit.Runner.Reporters.VerboseReporter::get_IsEnvironmentallyEnabled()
DA:11,1
FN:13,System.String Xunit.Runner.Reporters.VerboseReporter::get_RunnerSwitch()
FNDA:0,System.String Xunit.Runner.Reporters.VerboseReporter::get_RunnerSwitch()
DA:14,0
FN:16,Xunit.Abstractions.IMessageSink Xunit.Runner.Reporters.VerboseReporter::CreateMessageHandler(Xunit.IRunnerLogger)
FNDA:0,Xunit.Abstractions.IMessageSink Xunit.Runner.Reporters.VerboseReporter::CreateMessageHandler(Xunit.IRunnerLogger)
DA:17,0
LF:4
LH:1
BRF:0
BRH:0
FNF:4
FNH:1
end_of_record
SF:C:\Dev\xunit\xunit\src\xunit.runner.reporters\VerboseReporterMessageHandler.cs
FN:7,System.Void Xunit.Runner.Reporters.VerboseReporterMessageHandler::<.ctor>b__0_0(Xunit.MessageHandlerArgs`1<Xunit.Abstractions.ITestStarting>)
FNDA:0,System.Void Xunit.Runner.Reporters.VerboseReporterMessageHandler::<.ctor>b__0_0(Xunit.MessageHandlerArgs`1<Xunit.Abstractions.ITestStarting>)
DA:8,0
FN:8,System.Void Xunit.Runner.Reporters.VerboseReporterMessageHandler::<.ctor>b__0_1(Xunit.MessageHandlerArgs`1<Xunit.Abstractions.ITestFinished>)
FNDA:0,System.Void Xunit.Runner.Reporters.VerboseReporterMessageHandler::<.ctor>b__0_1(Xunit.MessageHandlerArgs`1<Xunit.Abstractions.ITestFinished>)
DA:9,0
FN:5,System.Void Xunit.Runner.Reporters.VerboseReporterMessageHandler::.ctor(Xunit.IRunnerLogger)
FNDA:0,System.Void Xunit.Runner.Reporters.VerboseReporterMessageHandler::.ctor(Xunit.IRunnerLogger)
DA:6,0
DA:10,0
LF:4
LH:0
BRF:0
BRH:0
FNF:3
FNH:0
end_of_record
SF:C:\Dev\xunit\xunit\src\xunit.runner.reporters\VstsClient.cs
FN:48,System.Void Xunit.Runner.Reporters.VstsClient::WaitOne(System.Threading.CancellationToken)
FNDA:0,System.Void Xunit.Runner.Reporters.VstsClient::WaitOne(System.Threading.CancellationToken)
DA:49,0
DA:50,0
DA:52,0
DA:53,0
DA:54,0
FN:102,System.Void Xunit.Runner.Reporters.VstsClient::AddTest(System.Collections.Generic.IDictionary`2<System.String,System.Object>,Xunit.Abstractions.ITest)
FNDA:0,System.Void Xunit.Runner.Reporters.VstsClient::AddTest(System.Collections.Generic.IDictionary`2<System.String,System.Object>,Xunit.Abstractions.ITest)
DA:103,0
DA:104,0
DA:105,0
DA:106,0
FN:109,System.Void Xunit.Runner.Reporters.VstsClient::UpdateTest(System.Collections.Generic.IDictionary`2<System.String,System.Object>,Xunit.Abstractions.ITest)
FNDA:0,System.Void Xunit.Runner.Reporters.VstsClient::UpdateTest(System.Collections.Generic.IDictionary`2<System.String,System.Object>,Xunit.Abstractions.ITest)
DA:110,0
DA:111,0
DA:112,0
DA:113,0
FN:291,System.String Xunit.Runner.Reporters.VstsClient::ToJson(System.Collections.Generic.IEnumerable`1<System.Collections.Generic.IDictionary`2<System.String,System.Object>>)
FNDA:0,System.String Xunit.Runner.Reporters.VstsClient::ToJson(System.Collections.Generic.IEnumerable`1<System.Collections.Generic.IDictionary`2<System.String,System.Object>>)
DA:292,0
DA:293,0
BRDA:292,12,0,0
BRDA:292,12,1,0
FN:299,System.Void Xunit.Runner.Reporters.VstsClient::Dispose(System.Boolean)
FNDA:0,System.Void Xunit.Runner.Reporters.VstsClient::Dispose(System.Boolean)
DA:300,0
DA:302,0
DA:303,0
DA:305,0
DA:307,0
BRDA:300,6,0,0
BRDA:302,9,0,0
BRDA:302,9,1,0
BRDA:300,6,1,0
FN:310,System.Void Xunit.Runner.Reporters.VstsClient::Dispose()
FNDA:0,System.Void Xunit.Runner.Reporters.VstsClient::Dispose()
DA:311,0
DA:312,0
FN:20,System.Void Xunit.Runner.Reporters.VstsClient::.ctor(Xunit.IRunnerLogger,System.String,System.String,System.Int32)
FNDA:0,System.Void Xunit.Runner.Reporters.VstsClient::.ctor(Xunit.IRunnerLogger,System.String,System.String,System.Int32)
DA:21,0
DA:25,0
DA:29,0
DA:30,0
DA:31,0
DA:34,0
DA:36,0
DA:37,0
DA:38,0
DA:40,0
DA:41,0
DA:43,0
DA:44,0
FN:16,System.Void Xunit.Runner.Reporters.VstsClient::.cctor()
FNDA:0,System.Void Xunit.Runner.Reporters.VstsClient::.cctor()
DA:17,0
DA:18,0
FN:57,System.Void Xunit.Runner.Reporters.VstsClient/<RunLoop>d__17::MoveNext()
FNDA:0,System.Void Xunit.Runner.Reporters.VstsClient/<RunLoop>d__17::MoveNext()
DA:58,0
DA:61,0
DA:63,0
DA:65,0
DA:68,0
DA:69,0
DA:71,0
DA:75,0
DA:76,0
DA:77,0
DA:78,0
DA:79,0
DA:81,0
DA:82,0
DA:87,0
DA:88,0
DA:90,0
DA:91,0
DA:92,0
DA:94,0
DA:95,0
DA:97,0
DA:99,0
BRDA:58,20,0,0
BRDA:58,58,0,0
BRDA:61,94,0,0
BRDA:58,58,1,0
BRDA:61,94,1,0
BRDA:63,514,1,0
BRDA:63,530,1,0
BRDA:63,546,1,0
BRDA:71,244,0,0
BRDA:75,298,0,0
BRDA:58,58,2,0
BRDA:75,298,1,0
BRDA:76,425,0,0
BRDA:58,58,3,0
BRDA:76,425,1,0
BRDA:63,514,0,0
BRDA:63,530,0,0
BRDA:71,244,1,0
BRDA:63,546,0,0
BRDA:58,20,1,0
BRDA:82,602,0,0
BRDA:87,615,0,0
BRDA:88,648,0,0
BRDA:82,602,1,0
BRDA:88,648,1,0
BRDA:87,615,1,0
BRDA:97,795,0,0
BRDA:97,805,0,0
BRDA:97,805,1,0
BRDA:97,795,1,0
FN:116,System.Void Xunit.Runner.Reporters.VstsClient/<CreateTestRun>d__20::MoveNext()
FNDA:0,System.Void Xunit.Runner.Reporters.VstsClient/<CreateTestRun>d__20::MoveNext()
DA:117,0
DA:118,0
DA:119,0
DA:120,0
DA:121,0
DA:122,0
DA:124,0
DA:125,0
DA:126,0
DA:129,0
DA:131,0
DA:132,0
DA:133,0
DA:134,0
DA:135,0
DA:136,0
DA:138,0
DA:140,0
DA:141,0
DA:143,0
DA:144,0
DA:147,0
DA:148,0
DA:150,0
DA:151,0
DA:152,0
DA:156,0
DA:158,0
DA:159,0
DA:161,0
BRDA:126,166,0,0
BRDA:126,166,1,0
BRDA:138,288,0,0
BRDA:138,292,0,0
BRDA:140,345,0,0
BRDA:138,288,1,0
BRDA:140,345,1,0
BRDA:141,428,0,0
BRDA:141,428,1,0
BRDA:147,520,0,0
BRDA:138,292,1,0
BRDA:147,520,1,0
FN:164,System.Void Xunit.Runner.Reporters.VstsClient/<FinishTestRun>d__21::MoveNext()
FNDA:0,System.Void Xunit.Runner.Reporters.VstsClient/<FinishTestRun>d__21::MoveNext()
DA:165,0
DA:166,0
DA:167,0
DA:168,0
DA:169,0
DA:171,0
DA:172,0
DA:175,0
DA:177,0
DA:178,0
DA:179,0
DA:180,0
DA:181,0
DA:182,0
DA:184,0
DA:186,0
DA:187,0
DA:189,0
DA:190,0
DA:192,0
DA:193,0
DA:194,0
DA:196,0
DA:197,0
DA:199,0
BRDA:172,107,0,0
BRDA:172,107,1,0
BRDA:184,227,0,0
BRDA:186,277,0,0
BRDA:184,227,1,0
BRDA:186,277,1,0
BRDA:187,360,0,0
BRDA:187,360,1,0
FN:202,System.Void Xunit.Runner.Reporters.VstsClient/<SendTestResults>d__22::MoveNext()
FNDA:0,System.Void Xunit.Runner.Reporters.VstsClient/<SendTestResults>d__22::MoveNext()
DA:203,0
DA:204,0
DA:208,0
DA:209,0
DA:211,0
DA:214,0
DA:216,0
DA:217,0
DA:219,0
DA:225,0
DA:227,0
DA:228,0
DA:231,0
DA:232,0
DA:236,0
DA:237,0
DA:239,0
DA:243,0
DA:245,0
DA:246,0
DA:247,0
DA:248,0
DA:249,0
DA:250,0
DA:252,0
DA:254,0
DA:255,0
DA:257,0
DA:258,0
DA:261,0
DA:263,0
DA:265,0
DA:267,0
DA:269,0
DA:270,0
DA:272,0
DA:273,0
DA:276,0
DA:277,0
DA:279,0
DA:281,0
DA:282,0
DA:283,0
DA:285,0
DA:286,0
DA:288,0
BRDA:203,32,0,0
BRDA:203,32,1,0
BRDA:209,52,0,0
BRDA:214,142,1,0
BRDA:214,142,0,0
BRDA:209,52,1,0
BRDA:225,248,1,0
BRDA:225,248,0,0
BRDA:236,273,0,0
BRDA:236,273,1,0
BRDA:239,345,0,0
BRDA:239,345,1,0
BRDA:252,468,0,0
BRDA:252,472,0,0
BRDA:254,525,0,0
BRDA:252,468,1,0
BRDA:254,525,1,0
BRDA:255,608,0,0
BRDA:255,608,1,0
BRDA:261,694,0,0
BRDA:263,735,0,0
BRDA:252,472,1,0
BRDA:263,735,1,0
BRDA:270,921,1,0
BRDA:270,921,0,0
BRDA:261,694,1,0
LF:161
LH:0
BRF:82
BRH:0
FNF:12
FNH:0
end_of_record
SF:C:\Dev\xunit\xunit\src\xunit.runner.reporters\VstsReporter.cs
FN:8,System.String Xunit.Runner.Reporters.VstsReporter::get_Description()
FNDA:0,System.String Xunit.Runner.Reporters.VstsReporter::get_Description()
DA:9,0
FN:11,System.Boolean Xunit.Runner.Reporters.VstsReporter::get_IsEnvironmentallyEnabled()
FNDA:1,System.Boolean Xunit.Runner.Reporters.VstsReporter::get_IsEnvironmentallyEnabled()
DA:12,1
DA:13,1
BRDA:12,15,0,0
BRDA:12,15,1,1
FN:15,System.String Xunit.Runner.Reporters.VstsReporter::get_RunnerSwitch()
FNDA:0,System.String Xunit.Runner.Reporters.VstsReporter::get_RunnerSwitch()
DA:16,0
FN:19,Xunit.Abstractions.IMessageSink Xunit.Runner.Reporters.VstsReporter::CreateMessageHandler(Xunit.IRunnerLogger)
FNDA:0,Xunit.Abstractions.IMessageSink Xunit.Runner.Reporters.VstsReporter::CreateMessageHandler(Xunit.IRunnerLogger)
DA:20,0
DA:21,0
DA:22,0
DA:25,0
DA:27,0
DA:29,0
DA:30,0
DA:31,0
BRDA:29,64,0,0
BRDA:29,67,0,0
BRDA:29,70,0,0
BRDA:29,64,1,0
BRDA:29,67,1,0
BRDA:29,70,1,0
LF:12
LH:2
BRF:8
BRH:1
FNF:4
FNH:1
end_of_record
SF:C:\Dev\xunit\xunit\src\xunit.runner.reporters\VstsReporterMessageHandler.cs
FN:36,System.Void Xunit.Runner.Reporters.VstsReporterMessageHandler::HandleTestAssemblyFinished(Xunit.MessageHandlerArgs`1<Xunit.Abstractions.ITestAssemblyFinished>)
FNDA:0,System.Void Xunit.Runner.Reporters.VstsReporterMessageHandler::HandleTestAssemblyFinished(Xunit.MessageHandlerArgs`1<Xunit.Abstractions.ITestAssemblyFinished>)
DA:37,0
DA:39,0
DA:41,0
DA:44,0
DA:45,0
DA:46,0
DA:48,0
DA:49,0
BRDA:41,37,0,0
BRDA:41,37,1,0
FN:52,System.Void Xunit.Runner.Reporters.VstsReporterMessageHandler::HandleTestAssemblyStarting(Xunit.MessageHandlerArgs`1<Xunit.Abstractions.ITestAssemblyStarting>)
FNDA:0,System.Void Xunit.Runner.Reporters.VstsReporterMessageHandler::HandleTestAssemblyStarting(Xunit.MessageHandlerArgs`1<Xunit.Abstractions.ITestAssemblyStarting>)
DA:53,0
DA:55,0
DA:58,0
DA:59,0
DA:60,0
DA:61,0
DA:63,0
DA:65,0
DA:66,0
DA:67,0
DA:68,0
BRDA:60,90,0,0
BRDA:60,90,1,0
BRDA:60,113,0,0
BRDA:60,113,1,0
BRDA:65,172,0,0
BRDA:65,172,1,0
FN:71,System.Void Xunit.Runner.Reporters.VstsReporterMessageHandler::HandleTestStarting(Xunit.MessageHandlerArgs`1<Xunit.Abstractions.ITestStarting>)
FNDA:0,System.Void Xunit.Runner.Reporters.VstsReporterMessageHandler::HandleTestStarting(Xunit.MessageHandlerArgs`1<Xunit.Abstractions.ITestStarting>)
DA:72,0
DA:74,0
DA:75,0
DA:76,0
DA:77,0
DA:78,0
FN:81,System.Void Xunit.Runner.Reporters.VstsReporterMessageHandler::HandleTestPassed(Xunit.MessageHandlerArgs`1<Xunit.Abstractions.ITestPassed>)
FNDA:0,System.Void Xunit.Runner.Reporters.VstsReporterMessageHandler::HandleTestPassed(Xunit.MessageHandlerArgs`1<Xunit.Abstractions.ITestPassed>)
DA:82,0
DA:84,0
DA:85,0
DA:87,0
DA:88,0
FN:91,System.Void Xunit.Runner.Reporters.VstsReporterMessageHandler::HandleTestSkipped(Xunit.MessageHandlerArgs`1<Xunit.Abstractions.ITestSkipped>)
FNDA:0,System.Void Xunit.Runner.Reporters.VstsReporterMessageHandler::HandleTestSkipped(Xunit.MessageHandlerArgs`1<Xunit.Abstractions.ITestSkipped>)
DA:92,0
DA:94,0
DA:95,0
DA:97,0
DA:98,0
FN:101,System.Void Xunit.Runner.Reporters.VstsReporterMessageHandler::HandleTestFailed(Xunit.MessageHandlerArgs`1<Xunit.Abstractions.ITestFailed>)
FNDA:0,System.Void Xunit.Runner.Reporters.VstsReporterMessageHandler::HandleTestFailed(Xunit.MessageHandlerArgs`1<Xunit.Abstractions.ITestFailed>)
DA:102,0
DA:104,0
DA:105,0
DA:106,0
DA:108,0
DA:109,0
FN:112,System.Void Xunit.Runner.Reporters.VstsReporterMessageHandler::VstsAddTest(System.String,System.String,System.String,Xunit.Abstractions.ITest)
FNDA:0,System.Void Xunit.Runner.Reporters.VstsReporterMessageHandler::VstsAddTest(System.String,System.String,System.String,Xunit.Abstractions.ITest)
DA:113,0
DA:114,0
DA:115,0
DA:116,0
DA:117,0
DA:118,0
DA:119,0
DA:120,0
DA:121,0
DA:122,0
DA:123,0
DA:125,0
DA:126,0
FN:129,System.Void Xunit.Runner.Reporters.VstsReporterMessageHandler::VstsUpdateTest(Xunit.Abstractions.ITest,System.String,System.Nullable`1<System.Int64>,System.String,System.String,System.String)
FNDA:0,System.Void Xunit.Runner.Reporters.VstsReporterMessageHandler::VstsUpdateTest(Xunit.Abstractions.ITest,System.String,System.Nullable`1<System.Int64>,System.String,System.String,System.String)
DA:130,0
DA:131,0
DA:132,0
DA:133,0
DA:134,0
DA:135,0
DA:137,0
DA:138,0
DA:139,0
DA:141,0
DA:142,0
BRDA:138,110,0,0
BRDA:138,110,1,0
FN:144,System.String Xunit.Runner.Reporters.VstsReporterMessageHandler::TrimStdOut(System.String)
FNDA:0,System.String Xunit.Runner.Reporters.VstsReporterMessageHandler::TrimStdOut(System.String)
DA:145,0
BRDA:145,1,0,0
BRDA:145,1,1,0
BRDA:145,14,0,0
BRDA:145,14,1,0
FN:16,System.Void Xunit.Runner.Reporters.VstsReporterMessageHandler::.ctor(Xunit.IRunnerLogger,System.String,System.String,System.Int32)
FNDA:0,System.Void Xunit.Runner.Reporters.VstsReporterMessageHandler::.ctor(Xunit.IRunnerLogger,System.String,System.String,System.Int32)
DA:17,0
DA:21,0
DA:24,0
DA:26,0
DA:27,0
DA:28,0
DA:30,0
DA:31,0
DA:32,0
DA:33,0
LF:76
LH:0
BRF:14
BRH:0
FNF:10
FNH:0
end_of_record
SF:C:\Dev\xunit\xunit\src\xunit.runner.visualstudio\Utility\ExceptionExtensions.cs
FN:12,System.Exception ExceptionExtensions::Unwrap(System.Exception)
FNDA:0,System.Exception ExceptionExtensions::Unwrap(System.Exception)
DA:13,0
DA:15,0
DA:16,0
DA:17,0
DA:19,0
BRDA:16,8,0,0
BRDA:16,8,1,0
LF:5
LH:0
BRF:2
BRH:0
FNF:1
FNH:0
end_of_record
SF:C:\Dev\xunit\xunit\src\xunit.runner.visualstudio\Utility\LoggerHelper.cs
FN:13,Microsoft.VisualStudio.TestPlatform.ObjectModel.Logging.IMessageLogger LoggerHelper::get_InnerLogger()
FNDA:4,Microsoft.VisualStudio.TestPlatform.ObjectModel.Logging.IMessageLogger LoggerHelper::get_InnerLogger()
DA:14,4
FN:15,System.Diagnostics.Stopwatch LoggerHelper::get_Stopwatch()
FNDA:4,System.Diagnostics.Stopwatch LoggerHelper::get_Stopwatch()
DA:16,4
FN:19,System.Void LoggerHelper::Log(System.String,System.Object[])
FNDA:3,System.Void LoggerHelper::Log(System.String,System.Object[])
DA:20,3
DA:21,3
FN:24,System.Void LoggerHelper::Log(Xunit.Abstractions.ITestCase,System.String,System.Object[])
FNDA:0,System.Void LoggerHelper::Log(Xunit.Abstractions.ITestCase,System.String,System.Object[])
DA:25,0
DA:26,0
FN:29,System.Void LoggerHelper::LogWithSource(System.String,System.String,System.Object[])
FNDA:0,System.Void LoggerHelper::LogWithSource(System.String,System.String,System.Object[])
DA:30,0
DA:31,0
FN:34,System.Void LoggerHelper::LogError(System.String,System.Object[])
FNDA:0,System.Void LoggerHelper::LogError(System.String,System.Object[])
DA:35,0
DA:36,0
FN:39,System.Void LoggerHelper::LogError(Xunit.Abstractions.ITestCase,System.String,System.Object[])
FNDA:0,System.Void LoggerHelper::LogError(Xunit.Abstractions.ITestCase,System.String,System.Object[])
DA:40,0
DA:41,0
FN:44,System.Void LoggerHelper::LogErrorWithSource(System.String,System.String,System.Object[])
FNDA:0,System.Void LoggerHelper::LogErrorWithSource(System.String,System.String,System.Object[])
DA:45,0
DA:46,0
FN:49,System.Void LoggerHelper::LogWarning(System.String,System.Object[])
FNDA:0,System.Void LoggerHelper::LogWarning(System.String,System.Object[])
DA:50,0
DA:51,0
FN:54,System.Void LoggerHelper::LogWarning(Xunit.Abstractions.ITestCase,System.String,System.Object[])
FNDA:0,System.Void LoggerHelper::LogWarning(Xunit.Abstractions.ITestCase,System.String,System.Object[])
DA:55,0
DA:56,0
FN:59,System.Void LoggerHelper::LogWarningWithSource(System.String,System.String,System.Object[])
FNDA:0,System.Void LoggerHelper::LogWarningWithSource(System.String,System.String,System.Object[])
DA:60,0
DA:61,0
FN:64,System.Void LoggerHelper::SendMessage(Microsoft.VisualStudio.TestPlatform.ObjectModel.Logging.TestMessageLevel,System.String,System.String)
FNDA:3,System.Void LoggerHelper::SendMessage(Microsoft.VisualStudio.TestPlatform.ObjectModel.Logging.TestMessageLevel,System.String,System.String)
DA:65,3
DA:66,3
DA:67,3
BRDA:65,1,0,0
BRDA:65,1,1,3
FN:7,System.Void LoggerHelper::.ctor(Microsoft.VisualStudio.TestPlatform.ObjectModel.Logging.IMessageLogger,System.Diagnostics.Stopwatch)
FNDA:1,System.Void LoggerHelper::.ctor(Microsoft.VisualStudio.TestPlatform.ObjectModel.Logging.IMessageLogger,System.Diagnostics.Stopwatch)
DA:8,1
DA:10,1
DA:11,1
DA:12,1
LF:27
LH:11
BRF:2
BRH:1
FNF:13
FNH:5
end_of_record
SF:C:\Dev\xunit\xunit\src\common\DictionaryExtensions.cs
FN:8,System.Void DictionaryExtensions::Add(System.Collections.Generic.IDictionary`2<TKey,System.Collections.Generic.List`1<TValue>>,TKey,TValue)
FNDA:0,System.Void DictionaryExtensions::Add(System.Collections.Generic.IDictionary`2<TKey,System.Collections.Generic.List`1<TValue>>,TKey,TValue)
DA:9,0
DA:10,0
FN:15,System.Boolean DictionaryExtensions::Contains(System.Collections.Generic.IDictionary`2<TKey,System.Collections.Generic.List`1<TValue>>,TKey,TValue,System.Collections.Generic.IEqualityComparer`1<TValue>)
FNDA:0,System.Boolean DictionaryExtensions::Contains(System.Collections.Generic.IDictionary`2<TKey,System.Collections.Generic.List`1<TValue>>,TKey,TValue,System.Collections.Generic.IEqualityComparer`1<TValue>)
DA:16,0
DA:17,0
DA:19,0
BRDA:16,9,0,0
BRDA:16,9,1,0
FN:24,TValue DictionaryExtensions::GetOrAdd(System.Collections.Generic.IDictionary`2<TKey,TValue>,TKey)
FNDA:0,TValue DictionaryExtensions::GetOrAdd(System.Collections.Generic.IDictionary`2<TKey,TValue>,TKey)
DA:25,0
BRDA:25,8,0,0
BRDA:25,8,1,0
FN:31,TValue DictionaryExtensions::GetOrAdd(System.Collections.Generic.IDictionary`2<TKey,TValue>,TKey,System.Func`1<TValue>)
FNDA:0,TValue DictionaryExtensions::GetOrAdd(System.Collections.Generic.IDictionary`2<TKey,TValue>,TKey,System.Func`1<TValue>)
DA:32,0
DA:34,0
DA:35,0
DA:38,0
BRDA:32,9,0,0
BRDA:32,9,1,0
FN:43,System.Collections.Generic.Dictionary`2<TKey,TValue> DictionaryExtensions::ToDictionaryIgnoringDuplicateKeys(System.Collections.Generic.IEnumerable`1<TValue>,System.Func`2<TValue,TKey>,System.Collections.Generic.IEqualityComparer`1<TKey>)
FNDA:0,System.Collections.Generic.Dictionary`2<TKey,TValue> DictionaryExtensions::ToDictionaryIgnoringDuplicateKeys(System.Collections.Generic.IEnumerable`1<TValue>,System.Func`2<TValue,TKey>,System.Collections.Generic.IEqualityComparer`1<TKey>)
DA:44,0
BRDA:44,8,0,0
BRDA:44,8,1,0
FN:50,System.Collections.Generic.Dictionary`2<TKey,TValue> DictionaryExtensions::ToDictionaryIgnoringDuplicateKeys(System.Collections.Generic.IEnumerable`1<TInput>,System.Func`2<TInput,TKey>,System.Func`2<TInput,TValue>,System.Collections.Generic.IEqualityComparer`1<TKey>)
FNDA:0,System.Collections.Generic.Dictionary`2<TKey,TValue> DictionaryExtensions::ToDictionaryIgnoringDuplicateKeys(System.Collections.Generic.IEnumerable`1<TInput>,System.Func`2<TInput,TKey>,System.Func`2<TInput,TValue>,System.Collections.Generic.IEqualityComparer`1<TKey>)
DA:51,0
DA:53,0
DA:55,0
DA:56,0
DA:57,0
DA:60,0
BRDA:53,60,1,0
BRDA:56,38,0,0
BRDA:56,38,1,0
BRDA:53,60,0,0
LF:17
LH:0
BRF:12
BRH:0
FNF:6
FNH:0
end_of_record
SF:C:\Dev\xunit\xunit\src\common\Guard.cs
FN:12,System.Void Guard::ArgumentNotNull(System.String,System.Object)
FNDA:3,System.Void Guard::ArgumentNotNull(System.String,System.Object)
DA:13,3
DA:14,0
DA:15,3
BRDA:13,1,0,0
BRDA:13,1,1,3
FN:19,System.Void Guard::ArgumentNotNullOrEmpty(System.String,System.Collections.IEnumerable)
FNDA:0,System.Void Guard::ArgumentNotNullOrEmpty(System.String,System.Collections.IEnumerable)
DA:20,0
DA:22,0
DA:23,0
DA:24,0
BRDA:22,18,0,0
BRDA:22,18,1,0
FN:28,System.Void Guard::ArgumentValid(System.String,System.String,System.Boolean)
FNDA:1,System.Void Guard::ArgumentValid(System.String,System.String,System.Boolean)
DA:29,1
DA:30,0
DA:31,1
BRDA:29,1,0,0
BRDA:29,1,1,1
FN:36,System.Void Guard::FileExists(System.String,System.String)
FNDA:0,System.Void Guard::FileExists(System.String,System.String)
DA:37,0
DA:39,0
DA:41,0
LF:13
LH:4
BRF:6
BRH:2
FNF:4
FNH:2
end_of_record
SF:C:\Dev\xunit\xunit\src\common\AssemblyResolution\Microsoft.Extensions.DependencyModel\CompilationLibrary.cs
FN:43,System.Collections.Generic.IReadOnlyList`1<System.String> Internal.Microsoft.Extensions.DependencyModel.CompilationLibrary::get_Assemblies()
FNDA:0,System.Collections.Generic.IReadOnlyList`1<System.String> Internal.Microsoft.Extensions.DependencyModel.CompilationLibrary::get_Assemblies()
DA:44,0
FN:45,Internal.Microsoft.Extensions.DependencyModel.Resolution.ICompilationAssemblyResolver Internal.Microsoft.Extensions.DependencyModel.CompilationLibrary::get_DefaultResolver()
FNDA:0,Internal.Microsoft.Extensions.DependencyModel.Resolution.ICompilationAssemblyResolver Internal.Microsoft.Extensions.DependencyModel.CompilationLibrary::get_DefaultResolver()
DA:46,0
FN:54,System.Collections.Generic.IEnumerable`1<System.String> Internal.Microsoft.Extensions.DependencyModel.CompilationLibrary::ResolveReferencePaths()
FNDA:0,System.Collections.Generic.IEnumerable`1<System.String> Internal.Microsoft.Extensions.DependencyModel.CompilationLibrary::ResolveReferencePaths()
DA:55,0
DA:57,0
FN:61,System.Collections.Generic.IEnumerable`1<System.String> Internal.Microsoft.Extensions.DependencyModel.CompilationLibrary::ResolveReferencePaths(Internal.Microsoft.Extensions.DependencyModel.Resolution.ICompilationAssemblyResolver[])
FNDA:0,System.Collections.Generic.IEnumerable`1<System.String> Internal.Microsoft.Extensions.DependencyModel.CompilationLibrary::ResolveReferencePaths(Internal.Microsoft.Extensions.DependencyModel.Resolution.ICompilationAssemblyResolver[])
DA:62,0
DA:64,0
DA:66,0
DA:68,0
DA:70,0
DA:75,0
BRDA:64,7,0,0
BRDA:64,11,0,0
BRDA:66,41,1,0
BRDA:68,29,0,0
BRDA:68,29,1,0
BRDA:64,7,1,0
BRDA:64,11,1,0
BRDA:66,41,0,0
FN:79,System.Collections.Generic.IEnumerable`1<System.String> Internal.Microsoft.Extensions.DependencyModel.CompilationLibrary::ResolveReferencePaths(Internal.Microsoft.Extensions.DependencyModel.Resolution.ICompilationAssemblyResolver,System.Collections.Generic.List`1<System.String>)
FNDA:0,System.Collections.Generic.IEnumerable`1<System.String> Internal.Microsoft.Extensions.DependencyModel.CompilationLibrary::ResolveReferencePaths(Internal.Microsoft.Extensions.DependencyModel.Resolution.ICompilationAssemblyResolver,System.Collections.Generic.List`1<System.String>)
DA:80,0
DA:82,0
DA:84,0
BRDA:80,8,0,0
BRDA:80,8,1,0
FN:21,System.Void Internal.Microsoft.Extensions.DependencyModel.CompilationLibrary::.ctor(System.String,System.String,System.String,System.String,System.Collections.Generic.IEnumerable`1<System.String>,System.Collections.Generic.IEnumerable`1<Internal.Microsoft.Extensions.DependencyModel.Dependency>,System.Boolean)
FNDA:0,System.Void Internal.Microsoft.Extensions.DependencyModel.CompilationLibrary::.ctor(System.String,System.String,System.String,System.String,System.Collections.Generic.IEnumerable`1<System.String>,System.Collections.Generic.IEnumerable`1<Internal.Microsoft.Extensions.DependencyModel.Dependency>,System.Boolean)
DA:22,0
DA:24,0
FN:34,System.Void Internal.Microsoft.Extensions.DependencyModel.CompilationLibrary::.ctor(System.String,System.String,System.String,System.String,System.Collections.Generic.IEnumerable`1<System.String>,System.Collections.Generic.IEnumerable`1<Internal.Microsoft.Extensions.DependencyModel.Dependency>,System.Boolean,System.String,System.String)
FNDA:237,System.Void Internal.Microsoft.Extensions.DependencyModel.CompilationLibrary::.ctor(System.String,System.String,System.String,System.String,System.Collections.Generic.IEnumerable`1<System.String>,System.Collections.Generic.IEnumerable`1<Internal.Microsoft.Extensions.DependencyModel.Dependency>,System.Boolean,System.String,System.String)
DA:35,237
DA:37,237
DA:39,0
DA:41,237
DA:42,237
BRDA:37,21,0,0
BRDA:37,21,1,237
FN:46,System.Void Internal.Microsoft.Extensions.DependencyModel.CompilationLibrary::.cctor()
FNDA:0,System.Void Internal.Microsoft.Extensions.DependencyModel.CompilationLibrary::.cctor()
DA:47,0
DA:48,0
DA:49,0
DA:50,0
DA:51,0
LF:25
LH:4
BRF:12
BRH:1
FNF:8
FNH:1
end_of_record
SF:C:\Dev\xunit\xunit\src\common\AssemblyResolution\Microsoft.Extensions.DependencyModel\CompilationOptions.cs
FN:13,System.Collections.Generic.IReadOnlyList`1<System.String> Internal.Microsoft.Extensions.DependencyModel.CompilationOptions::get_Defines()
FNDA:0,System.Collections.Generic.IReadOnlyList`1<System.String> Internal.Microsoft.Extensions.DependencyModel.CompilationOptions::get_Defines()
DA:14,0
FN:15,System.String Internal.Microsoft.Extensions.DependencyModel.CompilationOptions::get_LanguageVersion()
FNDA:0,System.String Internal.Microsoft.Extensions.DependencyModel.CompilationOptions::get_LanguageVersion()
DA:16,0
FN:17,System.String Internal.Microsoft.Extensions.DependencyModel.CompilationOptions::get_Platform()
FNDA:0,System.String Internal.Microsoft.Extensions.DependencyModel.CompilationOptions::get_Platform()
DA:18,0
FN:19,System.Nullable`1<System.Boolean> Internal.Microsoft.Extensions.DependencyModel.CompilationOptions::get_AllowUnsafe()
FNDA:0,System.Nullable`1<System.Boolean> Internal.Microsoft.Extensions.DependencyModel.CompilationOptions::get_AllowUnsafe()
DA:20,0
FN:21,System.Nullable`1<System.Boolean> Internal.Microsoft.Extensions.DependencyModel.CompilationOptions::get_WarningsAsErrors()
FNDA:0,System.Nullable`1<System.Boolean> Internal.Microsoft.Extensions.DependencyModel.CompilationOptions::get_WarningsAsErrors()
DA:22,0
FN:23,System.Nullable`1<System.Boolean> Internal.Microsoft.Extensions.DependencyModel.CompilationOptions::get_Optimize()
FNDA:0,System.Nullable`1<System.Boolean> Internal.Microsoft.Extensions.DependencyModel.CompilationOptions::get_Optimize()
DA:24,0
FN:25,System.String Internal.Microsoft.Extensions.DependencyModel.CompilationOptions::get_KeyFile()
FNDA:0,System.String Internal.Microsoft.Extensions.DependencyModel.CompilationOptions::get_KeyFile()
DA:26,0
FN:27,System.Nullable`1<System.Boolean> Internal.Microsoft.Extensions.DependencyModel.CompilationOptions::get_DelaySign()
FNDA:0,System.Nullable`1<System.Boolean> Internal.Microsoft.Extensions.DependencyModel.CompilationOptions::get_DelaySign()
DA:28,0
FN:29,System.Nullable`1<System.Boolean> Internal.Microsoft.Extensions.DependencyModel.CompilationOptions::get_PublicSign()
FNDA:0,System.Nullable`1<System.Boolean> Internal.Microsoft.Extensions.DependencyModel.CompilationOptions::get_PublicSign()
DA:30,0
FN:31,System.String Internal.Microsoft.Extensions.DependencyModel.CompilationOptions::get_DebugType()
FNDA:0,System.String Internal.Microsoft.Extensions.DependencyModel.CompilationOptions::get_DebugType()
DA:32,0
FN:33,System.Nullable`1<System.Boolean> Internal.Microsoft.Extensions.DependencyModel.CompilationOptions::get_EmitEntryPoint()
FNDA:0,System.Nullable`1<System.Boolean> Internal.Microsoft.Extensions.DependencyModel.CompilationOptions::get_EmitEntryPoint()
DA:34,0
FN:35,System.Nullable`1<System.Boolean> Internal.Microsoft.Extensions.DependencyModel.CompilationOptions::get_GenerateXmlDocumentation()
FNDA:0,System.Nullable`1<System.Boolean> Internal.Microsoft.Extensions.DependencyModel.CompilationOptions::get_GenerateXmlDocumentation()
DA:36,0
FN:37,Internal.Microsoft.Extensions.DependencyModel.CompilationOptions Internal.Microsoft.Extensions.DependencyModel.CompilationOptions::get_Default()
FNDA:0,Internal.Microsoft.Extensions.DependencyModel.CompilationOptions Internal.Microsoft.Extensions.DependencyModel.CompilationOptions::get_Default()
DA:38,0
FN:51,System.Void Internal.Microsoft.Extensions.DependencyModel.CompilationOptions::.ctor(System.Collections.Generic.IEnumerable`1<System.String>,System.String,System.String,System.Nullable`1<System.Boolean>,System.Nullable`1<System.Boolean>,System.Nullable`1<System.Boolean>,System.String,System.Nullable`1<System.Boolean>,System.Nullable`1<System.Boolean>,System.String,System.Nullable`1<System.Boolean>,System.Nullable`1<System.Boolean>)
FNDA:4,System.Void Internal.Microsoft.Extensions.DependencyModel.CompilationOptions::.ctor(System.Collections.Generic.IEnumerable`1<System.String>,System.String,System.String,System.Nullable`1<System.Boolean>,System.Nullable`1<System.Boolean>,System.Nullable`1<System.Boolean>,System.String,System.Nullable`1<System.Boolean>,System.Nullable`1<System.Boolean>,System.String,System.Nullable`1<System.Boolean>,System.Nullable`1<System.Boolean>)
DA:52,4
DA:53,4
DA:54,4
DA:55,4
DA:56,4
DA:57,4
DA:58,4
DA:59,4
DA:60,4
DA:61,4
DA:62,4
DA:63,4
DA:65,4
DA:67,0
DA:69,4
DA:70,4
DA:71,4
DA:72,4
DA:73,4
DA:74,4
DA:75,4
DA:76,4
DA:77,4
DA:78,4
DA:79,4
DA:80,4
DA:81,4
BRDA:65,7,0,0
BRDA:65,7,1,4
FN:38,System.Void Internal.Microsoft.Extensions.DependencyModel.CompilationOptions::.cctor()
FNDA:0,System.Void Internal.Microsoft.Extensions.DependencyModel.CompilationOptions::.cctor()
DA:39,0
DA:40,0
DA:41,0
DA:42,0
DA:43,0
DA:44,0
DA:45,0
DA:46,0
DA:47,0
DA:48,0
DA:49,0
DA:50,0
LF:52
LH:26
BRF:2
BRH:1
FNF:15
FNH:1
end_of_record
SF:C:\Dev\xunit\xunit\src\common\AssemblyResolution\Microsoft.Extensions.DependencyModel\Dependency.cs
FN:26,System.String Internal.Microsoft.Extensions.DependencyModel.Dependency::get_Name()
FNDA:0,System.String Internal.Microsoft.Extensions.DependencyModel.Dependency::get_Name()
DA:27,0
FN:27,System.String Internal.Microsoft.Extensions.DependencyModel.Dependency::get_Version()
FNDA:0,System.String Internal.Microsoft.Extensions.DependencyModel.Dependency::get_Version()
DA:28,0
FN:31,System.Boolean Internal.Microsoft.Extensions.DependencyModel.Dependency::Equals(Internal.Microsoft.Extensions.DependencyModel.Dependency)
FNDA:0,System.Boolean Internal.Microsoft.Extensions.DependencyModel.Dependency::Equals(Internal.Microsoft.Extensions.DependencyModel.Dependency)
DA:32,0
BRDA:32,18,0,0
BRDA:32,18,1,0
FN:36,System.Boolean Internal.Microsoft.Extensions.DependencyModel.Dependency::Equals(System.Object)
FNDA:0,System.Boolean Internal.Microsoft.Extensions.DependencyModel.Dependency::Equals(System.Object)
DA:37,0
DA:38,0
BRDA:37,1,0,0
BRDA:37,1,1,0
BRDA:38,11,0,0
BRDA:38,11,1,0
FN:42,System.Int32 Internal.Microsoft.Extensions.DependencyModel.Dependency::GetHashCode()
FNDA:0,System.Int32 Internal.Microsoft.Extensions.DependencyModel.Dependency::GetHashCode()
DA:43,0
DA:44,0
DA:45,0
DA:46,0
FN:14,System.Void Internal.Microsoft.Extensions.DependencyModel.Dependency::.ctor(System.String,System.String)
FNDA:1138,System.Void Internal.Microsoft.Extensions.DependencyModel.Dependency::.ctor(System.String,System.String)
DA:15,1138
DA:17,0
DA:19,1138
DA:21,0
DA:23,1138
DA:24,1138
DA:25,1138
BRDA:15,6,0,0
BRDA:15,6,1,1138
BRDA:19,25,0,0
BRDA:19,25,1,1138
LF:16
LH:5
BRF:10
BRH:2
FNF:6
FNH:1
end_of_record
SF:C:\Dev\xunit\xunit\src\common\AssemblyResolution\Microsoft.Extensions.DependencyModel\DependencyContext.cs
FN:50,Internal.Microsoft.Extensions.DependencyModel.DependencyContext Internal.Microsoft.Extensions.DependencyModel.DependencyContext::get_Default()
FNDA:1,Internal.Microsoft.Extensions.DependencyModel.DependencyContext Internal.Microsoft.Extensions.DependencyModel.DependencyContext::get_Default()
DA:51,1
FN:52,Internal.Microsoft.Extensions.DependencyModel.TargetInfo Internal.Microsoft.Extensions.DependencyModel.DependencyContext::get_Target()
FNDA:2,Internal.Microsoft.Extensions.DependencyModel.TargetInfo Internal.Microsoft.Extensions.DependencyModel.DependencyContext::get_Target()
DA:53,2
FN:54,Internal.Microsoft.Extensions.DependencyModel.CompilationOptions Internal.Microsoft.Extensions.DependencyModel.DependencyContext::get_CompilationOptions()
FNDA:2,Internal.Microsoft.Extensions.DependencyModel.CompilationOptions Internal.Microsoft.Extensions.DependencyModel.DependencyContext::get_CompilationOptions()
DA:55,2
FN:56,System.Collections.Generic.IReadOnlyList`1<Internal.Microsoft.Extensions.DependencyModel.CompilationLibrary> Internal.Microsoft.Extensions.DependencyModel.DependencyContext::get_CompileLibraries()
FNDA:4,System.Collections.Generic.IReadOnlyList`1<Internal.Microsoft.Extensions.DependencyModel.CompilationLibrary> Internal.Microsoft.Extensions.DependencyModel.DependencyContext::get_CompileLibraries()
DA:57,4
FN:58,System.Collections.Generic.IReadOnlyList`1<Internal.Microsoft.Extensions.DependencyModel.RuntimeLibrary> Internal.Microsoft.Extensions.DependencyModel.DependencyContext::get_RuntimeLibraries()
FNDA:6,System.Collections.Generic.IReadOnlyList`1<Internal.Microsoft.Extensions.DependencyModel.RuntimeLibrary> Internal.Microsoft.Extensions.DependencyModel.DependencyContext::get_RuntimeLibraries()
DA:59,6
FN:60,System.Collections.Generic.IReadOnlyList`1<Internal.Microsoft.Extensions.DependencyModel.RuntimeFallbacks> Internal.Microsoft.Extensions.DependencyModel.DependencyContext::get_RuntimeGraph()
FNDA:90,System.Collections.Generic.IReadOnlyList`1<Internal.Microsoft.Extensions.DependencyModel.RuntimeFallbacks> Internal.Microsoft.Extensions.DependencyModel.DependencyContext::get_RuntimeGraph()
DA:61,90
FN:64,Internal.Microsoft.Extensions.DependencyModel.DependencyContext Internal.Microsoft.Extensions.DependencyModel.DependencyContext::Merge(Internal.Microsoft.Extensions.DependencyModel.DependencyContext)
FNDA:2,Internal.Microsoft.Extensions.DependencyModel.DependencyContext Internal.Microsoft.Extensions.DependencyModel.DependencyContext::Merge(Internal.Microsoft.Extensions.DependencyModel.DependencyContext)
DA:65,2
DA:67,0
DA:70,2
DA:71,2
DA:72,2
DA:73,2
DA:74,2
DA:75,2
DA:76,2
BRDA:65,1,0,0
BRDA:65,1,1,2
FN:80,Internal.Microsoft.Extensions.DependencyModel.DependencyContext Internal.Microsoft.Extensions.DependencyModel.DependencyContext::LoadDefault()
FNDA:1,Internal.Microsoft.Extensions.DependencyModel.DependencyContext Internal.Microsoft.Extensions.DependencyModel.DependencyContext::LoadDefault()
DA:81,1
DA:82,1
DA:84,0
DA:87,1
BRDA:82,7,0,0
BRDA:82,7,1,1
FN:91,Internal.Microsoft.Extensions.DependencyModel.DependencyContext Internal.Microsoft.Extensions.DependencyModel.DependencyContext::Load(System.Reflection.Assembly)
FNDA:2,Internal.Microsoft.Extensions.DependencyModel.DependencyContext Internal.Microsoft.Extensions.DependencyModel.DependencyContext::Load(System.Reflection.Assembly)
DA:92,2
FN:16,System.Void Internal.Microsoft.Extensions.DependencyModel.DependencyContext::.ctor(Internal.Microsoft.Extensions.DependencyModel.TargetInfo,Internal.Microsoft.Extensions.DependencyModel.CompilationOptions,System.Collections.Generic.IEnumerable`1<Internal.Microsoft.Extensions.DependencyModel.CompilationLibrary>,System.Collections.Generic.IEnumerable`1<Internal.Microsoft.Extensions.DependencyModel.RuntimeLibrary>,System.Collections.Generic.IEnumerable`1<Internal.Microsoft.Extensions.DependencyModel.RuntimeFallbacks>)
FNDA:6,System.Void Internal.Microsoft.Extensions.DependencyModel.DependencyContext::.ctor(Internal.Microsoft.Extensions.DependencyModel.TargetInfo,Internal.Microsoft.Extensions.DependencyModel.CompilationOptions,System.Collections.Generic.IEnumerable`1<Internal.Microsoft.Extensions.DependencyModel.CompilationLibrary>,System.Collections.Generic.IEnumerable`1<Internal.Microsoft.Extensions.DependencyModel.RuntimeLibrary>,System.Collections.Generic.IEnumerable`1<Internal.Microsoft.Extensions.DependencyModel.RuntimeFallbacks>)
DA:17,6
DA:18,6
DA:19,6
DA:20,6
DA:21,6
DA:23,6
DA:25,0
DA:27,6
DA:29,0
DA:31,6
DA:33,0
DA:35,6
DA:37,0
DA:39,6
DA:41,0
DA:44,6
DA:45,6
DA:46,6
DA:47,6
DA:48,6
DA:49,6
BRDA:23,7,0,0
BRDA:23,7,1,6
BRDA:27,21,0,0
BRDA:27,21,1,6
BRDA:31,35,0,0
BRDA:31,35,1,6
BRDA:35,50,0,0
BRDA:35,50,1,6
BRDA:39,65,0,0
BRDA:39,65,1,6
FN:14,System.Void Internal.Microsoft.Extensions.DependencyModel.DependencyContext::.cctor()
FNDA:1,System.Void Internal.Microsoft.Extensions.DependencyModel.DependencyContext::.cctor()
DA:15,1
FN:98,System.Boolean Internal.Microsoft.Extensions.DependencyModel.DependencyContext/LibraryMergeEqualityComparer`1::Equals(T,T)
FNDA:158,System.Boolean Internal.Microsoft.Extensions.DependencyModel.DependencyContext/LibraryMergeEqualityComparer`1::Equals(T,T)
DA:99,158
FN:103,System.Int32 Internal.Microsoft.Extensions.DependencyModel.DependencyContext/LibraryMergeEqualityComparer`1::GetHashCode(T)
FNDA:488,System.Int32 Internal.Microsoft.Extensions.DependencyModel.DependencyContext/LibraryMergeEqualityComparer`1::GetHashCode(T)
DA:104,488
LF:44
LH:37
BRF:14
BRH:7
FNF:13
FNH:13
end_of_record
SF:C:\Dev\xunit\xunit\src\common\AssemblyResolution\Microsoft.Extensions.DependencyModel\DependencyContextExtensions.cs
FN:16,System.Collections.Generic.IEnumerable`1<System.String> Internal.Microsoft.Extensions.DependencyModel.DependencyContextExtensions::GetDefaultNativeAssets(Internal.Microsoft.Extensions.DependencyModel.DependencyContext)
FNDA:0,System.Collections.Generic.IEnumerable`1<System.String> Internal.Microsoft.Extensions.DependencyModel.DependencyContextExtensions::GetDefaultNativeAssets(Internal.Microsoft.Extensions.DependencyModel.DependencyContext)
DA:17,0
DA:19,0
DA:21,0
BRDA:17,19,0,0
BRDA:17,19,1,0
FN:25,System.Collections.Generic.IEnumerable`1<System.String> Internal.Microsoft.Extensions.DependencyModel.DependencyContextExtensions::GetRuntimeNativeAssets(Internal.Microsoft.Extensions.DependencyModel.DependencyContext,System.String)
[...]
DA:41,0
DA:42,0
DA:43,0
LF:17
LH:0
BRF:0
BRH:0
FNF:6
FNH:0
end_of_record
SF:/Users/jcmartinez/Developer/DEIN/Projects/_devTB/ToolBox/Log/FileLogCsv.cs
FN:9,ToolBox.Files.IFileSystem ToolBox.Log.FileLogCsv::get__fileSystem()
FNDA:0,ToolBox.Files.IFileSystem ToolBox.Log.FileLogCsv::get__fileSystem()
DA:10,0
FN:10,System.String ToolBox.Log.FileLogCsv::get__logFile()
FNDA:0,System.String ToolBox.Log.FileLogCsv::get__logFile()
DA:11,0
FN:11,System.Char ToolBox.Log.FileLogCsv::get__logDelimiter()
FNDA:0,System.Char ToolBox.Log.FileLogCsv::get__logDelimiter()
DA:12,0
FN:38,System.Void ToolBox.Log.FileLogCsv::AccessValidation()
FNDA:0,System.Void ToolBox.Log.FileLogCsv::AccessValidation()
DA:39,0
DA:40,0
DA:41,0
DA:42,0
DA:43,0
DA:44,0
DA:45,0
BRDA:40,21,0,0
BRDA:40,21,1,0
FN:47,System.Void ToolBox.Log.FileLogCsv::AddHeaders()
FNDA:0,System.Void ToolBox.Log.FileLogCsv::AddHeaders()
DA:48,0
DA:49,0
DA:50,0
DA:51,0
DA:52,0
DA:53,0
DA:54,0
DA:55,0
DA:56,0
DA:57,0
DA:58,0
DA:59,0
DA:60,0
FN:62,System.Void ToolBox.Log.FileLogCsv::Save(System.Exception,ToolBox.Log.LogLevel)
FNDA:0,System.Void ToolBox.Log.FileLogCsv::Save(System.Exception,ToolBox.Log.LogLevel)
DA:63,0
DA:64,0
DA:65,0
DA:66,0
DA:67,0
DA:68,0
DA:69,0
DA:70,0
DA:72,0
DA:73,0
DA:74,0
DA:75,0
DA:76,0
BRDA:69,163,0,0
BRDA:69,163,1,0
BRDA:69,175,0,0
BRDA:69,175,1,0
BRDA:70,217,0,0
BRDA:70,217,1,0
BRDA:70,229,0,0
BRDA:70,229,1,0
FN:13,System.Void ToolBox.Log.FileLogCsv::.ctor(ToolBox.Files.IFileSystem,System.String,System.String,System.Char)
FNDA:0,System.Void ToolBox.Log.FileLogCsv::.ctor(ToolBox.Files.IFileSystem,System.String,System.String,System.Char)
DA:14,0
DA:15,0
DA:16,0
DA:17,0
DA:18,0
DA:21,0
DA:22,0
DA:23,0
DA:26,0
DA:27,0
DA:28,0
DA:31,0
DA:32,0
DA:33,0
DA:35,0
DA:36,0
BRDA:16,14,0,0
BRDA:16,14,1,0
BRDA:21,34,0,0
BRDA:21,34,1,0
BRDA:26,54,0,0
BRDA:26,54,1,0
LF:52
LH:0
BRF:16
BRH:0
FNF:7
FNH:0
end_of_record
SF:/Users/jcmartinez/Developer/DEIN/Projects/_devTB/ToolBox/Log/FileLogTxt.cs
FN:8,ToolBox.Files.IFileSystem ToolBox.Log.FileLogTxt::get__fileSystem()
FNDA:0,ToolBox.Files.IFileSystem ToolBox.Log.FileLogTxt::get__fileSystem()
DA:9,0
FN:9,System.String ToolBox.Log.FileLogTxt::get__logFile()
FNDA:0,System.String ToolBox.Log.FileLogTxt::get__logFile()
DA:10,0
FN:34,System.Void ToolBox.Log.FileLogTxt::AccessValidation()
FNDA:0,System.Void ToolBox.Log.FileLogTxt::AccessValidation()
DA:35,0
DA:36,0
DA:37,0
DA:38,0
DA:39,0
DA:40,0
BRDA:36,21,0,0
BRDA:36,21,1,0
FN:42,System.Void ToolBox.Log.FileLogTxt::Save(System.Exception,ToolBox.Log.LogLevel)
FNDA:0,System.Void ToolBox.Log.FileLogTxt::Save(System.Exception,ToolBox.Log.LogLevel)
DA:43,0
DA:44,0
DA:45,0
DA:46,0
DA:47,0
DA:48,0
DA:49,0
DA:50,0
DA:51,0
DA:52,0
DA:53,0
DA:54,0
DA:55,0
DA:56,0
DA:57,0
DA:58,0
DA:59,0
DA:60,0
BRDA:52,151,0,0
BRDA:52,151,1,0
FN:11,System.Void ToolBox.Log.FileLogTxt::.ctor(ToolBox.Files.IFileSystem,System.String,System.String)
FNDA:0,System.Void ToolBox.Log.FileLogTxt::.ctor(ToolBox.Files.IFileSystem,System.String,System.String)
DA:12,0
DA:13,0
DA:14,0
DA:15,0
DA:16,0
DA:19,0
DA:20,0
DA:21,0
DA:24,0
DA:25,0
DA:26,0
DA:29,0
DA:30,0
DA:31,0
DA:32,0
BRDA:14,14,0,0
BRDA:14,14,1,0
BRDA:19,34,0,0
BRDA:19,34,1,0
BRDA:24,54,0,0
BRDA:24,54,1,0
LF:41
LH:0
BRF:10
BRH:0
FNF:5
FNH:0
end_of_record
SF:/Users/jcmartinez/Developer/DEIN/Projects/_devTB/ToolBox/File/DiskConfigurator.cs
FN:13,ToolBox.Files.IFileSystem ToolBox.Files.DiskConfigurator::get__fileSystem()
FNDA:0,ToolBox.Files.IFileSystem ToolBox.Files.DiskConfigurator::get__fileSystem()
DA:14,0
FN:14,ToolBox.Notification.INotificationSystem ToolBox.Files.DiskConfigurator::get__notificationSystem()
FNDA:0,ToolBox.Notification.INotificationSystem ToolBox.Files.DiskConfigurator::get__notificationSystem()
DA:15,0
FN:35,System.Collections.Generic.List`1<System.String> ToolBox.Files.DiskConfigurator::FilterCreator(System.String[])
FNDA:0,System.Collections.Generic.List`1<System.String> ToolBox.Files.DiskConfigurator::FilterCreator(System.String[])
DA:36,0
DA:37,0
DA:38,0
FN:40,System.Collections.Generic.List`1<System.String> ToolBox.Files.DiskConfigurator::FilterCreator(System.Boolean,System.String[])
FNDA:0,System.Collections.Generic.List`1<System.String> ToolBox.Files.DiskConfigurator::FilterCreator(System.Boolean,System.String[])
DA:41,0
DA:42,0
DA:43,0
DA:44,0
DA:47,0
DA:49,0
DA:50,0
DA:51,0
DA:52,0
DA:53,0
DA:54,0
DA:55,0
DA:56,0
DA:57,0
DA:58,0
DA:59,0
DA:60,0
DA:61,0
DA:62,0
DA:63,0
DA:65,0
DA:66,0
BRDA:42,7,0,0
BRDA:42,7,1,0
BRDA:49,39,0,0
BRDA:49,39,1,0
BRDA:56,86,0,0
BRDA:56,86,1,0
BRDA:60,118,0,0
BRDA:60,118,1,0
FN:68,System.Boolean ToolBox.Files.DiskConfigurator::IsFiltered(System.Collections.Generic.List`1<System.String>,System.String)
FNDA:0,System.Boolean ToolBox.Files.DiskConfigurator::IsFiltered(System.Collections.Generic.List`1<System.String>,System.String)
DA:69,0
DA:70,0
DA:71,0
DA:72,0
DA:75,0
DA:76,0
DA:77,0
DA:78,0
DA:79,0
DA:81,0
DA:82,0
DA:83,0
DA:84,0
DA:85,0
DA:86,0
DA:87,0
BRDA:70,25,0,0
BRDA:70,25,1,0
BRDA:76,42,0,0
BRDA:76,42,1,0
BRDA:76,58,0,0
BRDA:76,58,1,0
FN:89,System.Void ToolBox.Files.DiskConfigurator::CopyAll(System.String,System.String,System.Boolean,System.Collections.Generic.List`1<System.String>)
FNDA:0,System.Void ToolBox.Files.DiskConfigurator::CopyAll(System.String,System.String,System.Boolean,System.Collections.Generic.List`1<System.String>)
DA:90,0
DA:91,0
DA:92,0
DA:93,0
DA:96,0
DA:97,0
DA:98,0
BRDA:91,17,0,0
BRDA:91,17,1,0
FN:100,System.Void ToolBox.Files.DiskConfigurator::CopyDirectories(System.String,System.String)
FNDA:0,System.Void ToolBox.Files.DiskConfigurator::CopyDirectories(System.String,System.String)
DA:101,0
DA:102,0
DA:103,0
DA:104,0
DA:107,0
DA:108,0
DA:109,0
DA:110,0
DA:111,0
DA:112,0
DA:113,0
DA:114,0
DA:115,0
DA:116,0
DA:117,0
DA:118,0
BRDA:102,42,0,0
BRDA:102,42,1,0
FN:120,System.Void ToolBox.Files.DiskConfigurator::CopyFiles(System.String,System.String,System.Boolean,System.Collections.Generic.List`1<System.String>)
FNDA:0,System.Void ToolBox.Files.DiskConfigurator::CopyFiles(System.String,System.String,System.Boolean,System.Collections.Generic.List`1<System.String>)
DA:121,0
DA:122,0
DA:123,0
DA:124,0
DA:127,0
DA:128,0
DA:129,0
DA:130,0
DA:131,0
DA:132,0
DA:133,0
DA:134,0
DA:135,0
DA:136,0
DA:137,0
DA:138,0
DA:139,0
DA:140,0
DA:141,0
BRDA:122,64,0,0
BRDA:122,64,1,0
FN:143,System.Void ToolBox.Files.DiskConfigurator::DeleteAll(System.String,System.Boolean)
FNDA:0,System.Void ToolBox.Files.DiskConfigurator::DeleteAll(System.String,System.Boolean)
DA:144,0
DA:145,0
DA:146,0
DA:147,0
DA:148,0
DA:149,0
DA:150,0
BRDA:145,14,0,0
BRDA:145,14,1,0
FN:16,System.Void ToolBox.Files.DiskConfigurator::.ctor(ToolBox.Files.IFileSystem,ToolBox.Notification.INotificationSystem)
FNDA:0,System.Void ToolBox.Files.DiskConfigurator::.ctor(ToolBox.Files.IFileSystem,ToolBox.Notification.INotificationSystem)
DA:17,0
DA:18,0
DA:19,0
DA:20,0
DA:21,0
DA:23,0
DA:25,0
DA:26,0
DA:27,0
DA:28,0
DA:30,0
DA:31,0
DA:32,0
DA:33,0
BRDA:19,14,0,0
BRDA:19,14,1,0
BRDA:25,41,0,0
BRDA:25,41,1,0
LF:106
LH:0
BRF:30
BRH:0
FNF:10
FNH:0
end_of_record
SF:/Users/jcmartinez/Developer/DEIN/Projects/_devTB/ToolBox/File/FileSystemDefault.cs
FN:11,ToolBox.Files.IFileSystem ToolBox.Files.FileSystem::get_Default()
FNDA:0,ToolBox.Files.IFileSystem ToolBox.Files.FileSystem::get_Default()
DA:12,0
DA:13,0
DA:14,0
FN:20,System.String ToolBox.Files.DefaultFileSystem::GetPathRoot(System.String)
FNDA:0,System.String ToolBox.Files.DefaultFileSystem::GetPathRoot(System.String)
DA:21,0
DA:22,0
DA:23,0
FN:25,System.String ToolBox.Files.DefaultFileSystem::GetFullPath(System.String)
FNDA:0,System.String ToolBox.Files.DefaultFileSystem::GetFullPath(System.String)
DA:26,0
DA:27,0
DA:28,0
FN:30,System.String ToolBox.Files.DefaultFileSystem::PathCombine(System.String[])
FNDA:0,System.String ToolBox.Files.DefaultFileSystem::PathCombine(System.String[])
DA:31,0
DA:32,0
DA:33,0
FN:35,System.String ToolBox.Files.DefaultFileSystem::GetFileName(System.String)
FNDA:0,System.String ToolBox.Files.DefaultFileSystem::GetFileName(System.String)
DA:36,0
DA:37,0
DA:38,0
FN:40,System.Boolean ToolBox.Files.DefaultFileSystem::FileExists(System.String)
FNDA:0,System.Boolean ToolBox.Files.DefaultFileSystem::FileExists(System.String)
DA:41,0
DA:42,0
DA:43,0
FN:45,System.IO.FileStream ToolBox.Files.DefaultFileSystem::FileCreate(System.String)
FNDA:0,System.IO.FileStream ToolBox.Files.DefaultFileSystem::FileCreate(System.String)
DA:46,0
DA:47,0
DA:48,0
FN:50,System.IO.StreamWriter ToolBox.Files.DefaultFileSystem::FileAppendText(System.String)
FNDA:0,System.IO.StreamWriter ToolBox.Files.DefaultFileSystem::FileAppendText(System.String)
DA:51,0
DA:52,0
DA:53,0
FN:55,System.Void ToolBox.Files.DefaultFileSystem::CopyFile(System.String,System.String,System.Boolean)
FNDA:0,System.Void ToolBox.Files.DefaultFileSystem::CopyFile(System.String,System.String,System.Boolean)
DA:56,0
DA:57,0
DA:58,0
FN:60,System.Void ToolBox.Files.DefaultFileSystem::MoveFile(System.String,System.String)
FNDA:0,System.Void ToolBox.Files.DefaultFileSystem::MoveFile(System.String,System.String)
DA:61,0
DA:62,0
DA:63,0
FN:65,System.Void ToolBox.Files.DefaultFileSystem::DeleteFile(System.String)
FNDA:0,System.Void ToolBox.Files.DefaultFileSystem::DeleteFile(System.String)
DA:66,0
DA:67,0
DA:68,0
FN:70,System.Collections.Generic.IEnumerable`1<System.String> ToolBox.Files.DefaultFileSystem::GetFiles(System.String,System.String)
FNDA:0,System.Collections.Generic.IEnumerable`1<System.String> ToolBox.Files.DefaultFileSystem::GetFiles(System.String,System.String)
DA:71,0
DA:72,0
DA:73,0
BRDA:72,4,0,0
BRDA:72,4,1,0
FN:75,System.Collections.Generic.IEnumerable`1<System.String> ToolBox.Files.DefaultFileSystem::GetFiles(System.String,System.String,System.IO.SearchOption)
FNDA:0,System.Collections.Generic.IEnumerable`1<System.String> ToolBox.Files.DefaultFileSystem::GetFiles(System.String,System.String,System.IO.SearchOption)
DA:76,0
DA:77,0
DA:78,0
BRDA:77,4,0,0
BRDA:77,4,1,0
FN:82,System.String ToolBox.Files.DefaultFileSystem::GetDirectoryName(System.String)
FNDA:0,System.String ToolBox.Files.DefaultFileSystem::GetDirectoryName(System.String)
DA:83,0
DA:84,0
DA:85,0
FN:87,System.Boolean ToolBox.Files.DefaultFileSystem::DirectoryExists(System.String)
FNDA:0,System.Boolean ToolBox.Files.DefaultFileSystem::DirectoryExists(System.String)
DA:88,0
DA:89,0
DA:90,0
FN:92,System.Void ToolBox.Files.DefaultFileSystem::DeleteDirectory(System.String,System.Boolean)
FNDA:0,System.Void ToolBox.Files.DefaultFileSystem::DeleteDirectory(System.String,System.Boolean)
DA:93,0
DA:95,0
DA:96,0
DA:97,0
DA:98,0
DA:99,0
DA:101,0
DA:102,0
FN:104,System.Void ToolBox.Files.DefaultFileSystem::CreateDirectory(System.String)
FNDA:0,System.Void ToolBox.Files.DefaultFileSystem::CreateDirectory(System.String)
DA:105,0
DA:106,0
DA:107,0
FN:109,System.Collections.Generic.IEnumerable`1<System.String> ToolBox.Files.DefaultFileSystem::GetDirectories(System.String,System.String)
FNDA:0,System.Collections.Generic.IEnumerable`1<System.String> ToolBox.Files.DefaultFileSystem::GetDirectories(System.String,System.String)
DA:110,0
DA:111,0
DA:112,0
BRDA:111,4,0,0
BRDA:111,4,1,0
FN:114,System.Collections.Generic.IEnumerable`1<System.String> ToolBox.Files.DefaultFileSystem::GetDirectories(System.String,System.String,System.IO.SearchOption)
FNDA:0,System.Collections.Generic.IEnumerable`1<System.String> ToolBox.Files.DefaultFileSystem::GetDirectories(System.String,System.String,System.IO.SearchOption)
DA:115,0
DA:116,0
DA:117,0
BRDA:116,4,0,0
BRDA:116,4,1,0
LF:62
LH:0
BRF:8
BRH:0
FNF:19
FNH:0
end_of_record
SF:/Users/jcmartinez/Developer/DEIN/Projects/_devTB/ToolBox/File/PathsConfigurator.cs
FN:10,ToolBox.Platform.ICommandSystem ToolBox.Files.PathsConfigurator::get__commandSystem()
FNDA:0,ToolBox.Platform.ICommandSystem ToolBox.Files.PathsConfigurator::get__commandSystem()
DA:11,0
FN:11,ToolBox.Files.IFileSystem ToolBox.Files.PathsConfigurator::get__fileSystem()
FNDA:0,ToolBox.Files.IFileSystem ToolBox.Files.PathsConfigurator::get__fileSystem()
DA:12,0
FN:30,System.String ToolBox.Files.PathsConfigurator::Combine(System.String[])
FNDA:0,System.String ToolBox.Files.PathsConfigurator::Combine(System.String[])
DA:31,0
DA:32,0
DA:33,0
DA:34,0
DA:35,0
FN:37,System.String ToolBox.Files.PathsConfigurator::Split(System.String,System.String)
FNDA:0,System.String ToolBox.Files.PathsConfigurator::Split(System.String,System.String)
DA:38,0
DA:39,0
DA:40,0
DA:41,0
DA:44,0
DA:45,0
DA:46,0
DA:49,0
DA:50,0
DA:51,0
DA:52,0
DA:53,0
DA:54,0
DA:55,0
BRDA:39,9,0,0
BRDA:39,9,1,0
BRDA:44,31,0,0
BRDA:44,31,1,0
BRDA:50,60,0,0
BRDA:50,60,1,0
FN:57,System.String ToolBox.Files.PathsConfigurator::GetFileName(System.String)
FNDA:0,System.String ToolBox.Files.PathsConfigurator::GetFileName(System.String)
DA:58,0
DA:59,0
DA:60,0
DA:61,0
DA:64,0
DA:65,0
BRDA:59,9,0,0
BRDA:59,9,1,0
FN:67,System.Collections.Generic.List`1<System.String> ToolBox.Files.PathsConfigurator::GetFiles(System.String,System.String,System.IO.SearchOption)
FNDA:0,System.Collections.Generic.List`1<System.String> ToolBox.Files.PathsConfigurator::GetFiles(System.String,System.String,System.IO.SearchOption)
DA:68,0
DA:69,0
DA:70,0
DA:71,0
DA:74,0
DA:75,0
DA:76,0
BRDA:69,17,0,0
BRDA:69,17,1,0
BRDA:74,45,0,0
BRDA:74,45,1,0
FN:78,System.String ToolBox.Files.PathsConfigurator::GetDirectoryName(System.String)
FNDA:0,System.String ToolBox.Files.PathsConfigurator::GetDirectoryName(System.String)
DA:79,0
DA:80,0
DA:81,0
DA:82,0
DA:85,0
DA:86,0
BRDA:80,9,0,0
BRDA:80,9,1,0
FN:88,System.Collections.Generic.List`1<System.String> ToolBox.Files.PathsConfigurator::GetDirectories(System.String,System.String)
FNDA:0,System.Collections.Generic.List`1<System.String> ToolBox.Files.PathsConfigurator::GetDirectories(System.String,System.String)
DA:89,0
DA:90,0
DA:91,0
DA:92,0
DA:95,0
DA:96,0
DA:97,0
BRDA:90,17,0,0
BRDA:90,17,1,0
BRDA:95,44,0,0
BRDA:95,44,1,0
FN:13,System.Void ToolBox.Files.PathsConfigurator::.ctor(ToolBox.Platform.ICommandSystem,ToolBox.Files.IFileSystem)
FNDA:0,System.Void ToolBox.Files.PathsConfigurator::.ctor(ToolBox.Platform.ICommandSystem,ToolBox.Files.IFileSystem)
DA:14,0
DA:15,0
DA:16,0
DA:17,0
DA:18,0
DA:21,0
DA:22,0
DA:23,0
DA:26,0
DA:27,0
DA:28,0
BRDA:16,14,0,0
BRDA:16,14,1,0
BRDA:21,34,0,0
BRDA:21,34,1,0
LF:58
LH:0
BRF:22
BRH:0
FNF:9
FNH:0
end_of_record
SF:/Users/jcmartinez/Developer/DEIN/Projects/_devTB/ToolBox/Bridge/Bridge.cs
FN:4,System.String ToolBox.Bridge.Bridge::get_fileName()
FNDA:0,System.String ToolBox.Bridge.Bridge::get_fileName()
DA:5,0
FN:5,System.String ToolBox.Bridge.Bridge::get_command()
FNDA:0,System.String ToolBox.Bridge.Bridge::get_command()
DA:6,0
FN:6,System.String ToolBox.Bridge.Bridge::get_stderr()
FNDA:0,System.String ToolBox.Bridge.Bridge::get_stderr()
DA:7,0
LF:3
LH:0
BRF:0
BRH:0
FNF:3
FNH:0
end_of_record
SF:/Users/jcmartinez/Developer/DEIN/Projects/_devTB/ToolBox/Bridge/BridgeSystemBash.cs
FN:16,ToolBox.Bridge.IBridgeSystem ToolBox.Bridge.BridgeSystem::get_Bash()
FNDA:0,ToolBox.Bridge.IBridgeSystem ToolBox.Bridge.BridgeSystem::get_Bash()
DA:17,0
DA:18,0
DA:19,0
FN:25,System.String ToolBox.Bridge.BridgeSystemBash::GetFileName()
FNDA:0,System.String ToolBox.Bridge.BridgeSystemBash::GetFileName()
DA:26,0
DA:27,0
DA:28,0
FN:30,System.String ToolBox.Bridge.BridgeSystemBash::CommandConstructor(System.String,System.Nullable`1<ToolBox.Bridge.Output>,System.String)
FNDA:0,System.String ToolBox.Bridge.BridgeSystemBash::CommandConstructor(System.String,System.Nullable`1<ToolBox.Bridge.Output>,System.String)
DA:31,0
DA:32,0
DA:33,0
DA:34,0
DA:35,0
DA:36,0
DA:37,0
DA:38,0
DA:39,0
DA:40,0
DA:41,0
DA:42,0
BRDA:32,12,0,0
BRDA:32,12,1,0
BRDA:36,58,0,0
BRDA:36,58,1,0
FN:44,System.Void ToolBox.Bridge.BridgeSystemBash::Browse(System.String)
FNDA:0,System.Void ToolBox.Bridge.BridgeSystemBash::Browse(System.String)
DA:45,0
DA:46,0
DA:47,0
LF:21
LH:0
BRF:4
BRH:0
FNF:4
FNH:0
end_of_record
SF:/Users/jcmartinez/Developer/DEIN/Projects/_devTB/ToolBox/Bridge/BridgeSystemBat.cs
FN:16,ToolBox.Bridge.IBridgeSystem ToolBox.Bridge.BridgeSystem::get_Bat()
FNDA:0,ToolBox.Bridge.IBridgeSystem ToolBox.Bridge.BridgeSystem::get_Bat()
DA:17,0
DA:18,0
DA:19,0
FN:25,System.String ToolBox.Bridge.BridgeSystemBat::GetFileName()
FNDA:0,System.String ToolBox.Bridge.BridgeSystemBat::GetFileName()
DA:26,0
DA:27,0
DA:28,0
FN:30,System.String ToolBox.Bridge.BridgeSystemBat::CommandConstructor(System.String,System.Nullable`1<ToolBox.Bridge.Output>,System.String)
FNDA:0,System.String ToolBox.Bridge.BridgeSystemBat::CommandConstructor(System.String,System.Nullable`1<ToolBox.Bridge.Output>,System.String)
DA:31,0
DA:32,0
DA:33,0
DA:34,0
DA:35,0
DA:36,0
DA:37,0
DA:38,0
DA:39,0
DA:40,0
DA:41,0
DA:42,0
BRDA:32,12,0,0
BRDA:32,12,1,0
BRDA:36,58,0,0
BRDA:36,58,1,0
FN:44,System.Void ToolBox.Bridge.BridgeSystemBat::Browse(System.String)
FNDA:0,System.Void ToolBox.Bridge.BridgeSystemBat::Browse(System.String)
DA:45,0
DA:46,0
DA:47,0
DA:48,0
LF:22
LH:0
BRF:4
BRH:0
FNF:4
FNH:0
end_of_record
SF:/Users/jcmartinez/Developer/DEIN/Projects/_devTB/ToolBox/Bridge/Response.cs
FN:4,System.Int32 ToolBox.Bridge.Response::get_code()
FNDA:0,System.Int32 ToolBox.Bridge.Response::get_code()
DA:5,0
FN:5,System.String ToolBox.Bridge.Response::get_stdout()
FNDA:0,System.String ToolBox.Bridge.Response::get_stdout()
DA:6,0
FN:6,System.String ToolBox.Bridge.Response::get_stderr()
FNDA:0,System.String ToolBox.Bridge.Response::get_stderr()
DA:7,0
LF:3
LH:0
BRF:0
BRH:0
FNF:3
FNH:0
end_of_record
SF:/Users/jcmartinez/Developer/DEIN/Projects/_devTB/ToolBox/Bridge/ShellConfigurator.cs
FN:12,ToolBox.Bridge.IBridgeSystem ToolBox.Bridge.ShellConfigurator::get__bridgeSystem()
FNDA:0,ToolBox.Bridge.IBridgeSystem ToolBox.Bridge.ShellConfigurator::get__bridgeSystem()
DA:13,0
FN:13,ToolBox.Notification.INotificationSystem ToolBox.Bridge.ShellConfigurator::get__notificationSystem()
FNDA:0,ToolBox.Notification.INotificationSystem ToolBox.Bridge.ShellConfigurator::get__notificationSystem()
DA:14,0
FN:39,System.Void ToolBox.Bridge.ShellConfigurator::Browse(System.String)
FNDA:0,System.Void ToolBox.Bridge.ShellConfigurator::Browse(System.String)
DA:40,0
DA:42,0
DA:43,0
DA:44,0
DA:45,0
DA:46,0
DA:47,0
DA:48,0
DA:49,0
FN:51,ToolBox.Bridge.Response ToolBox.Bridge.ShellConfigurator::Term(System.String,System.Nullable`1<ToolBox.Bridge.Output>,System.String)
FNDA:0,ToolBox.Bridge.Response ToolBox.Bridge.ShellConfigurator::Term(System.String,System.Nullable`1<ToolBox.Bridge.Output>,System.String)
DA:52,0
DA:53,0
DA:54,0
DA:55,0
DA:57,0
DA:58,0
DA:59,0
DA:60,0
DA:61,0
DA:62,0
DA:63,0
DA:64,0
DA:65,0
DA:66,0
DA:67,0
DA:68,0
DA:70,0
DA:71,0
DA:72,0
DA:75,0
DA:77,0
DA:78,0
DA:79,0
DA:80,0
DA:81,0
DA:82,0
DA:84,0
DA:85,0
DA:86,0
DA:87,0
DA:88,0
DA:89,0
DA:90,0
DA:92,0
DA:93,0
DA:94,0
DA:97,0
DA:98,0
DA:99,0
DA:100,0
DA:101,0
DA:103,0
DA:104,0
BRDA:65,189,0,0
BRDA:65,189,1,0
BRDA:65,226,0,0
BRDA:65,226,1,0
BRDA:72,261,0,0
BRDA:72,277,0,0
BRDA:72,287,1,0
BRDA:77,364,1,0
BRDA:84,425,1,0
BRDA:77,364,0,0
BRDA:72,277,1,0
BRDA:72,261,1,0
BRDA:72,287,0,0
BRDA:84,425,0,0
FN:106,System.Void ToolBox.Bridge.ShellConfigurator::Result(System.String,System.String)
FNDA:0,System.Void ToolBox.Bridge.ShellConfigurator::Result(System.String,System.String)
DA:107,0
DA:108,0
DA:109,0
DA:110,0
DA:111,0
DA:112,0
DA:114,0
DA:115,0
DA:116,0
DA:117,0
DA:118,0
DA:119,0
DA:120,0
BRDA:109,20,0,0
BRDA:109,20,1,0
BRDA:115,50,0,0
BRDA:115,50,1,0
FN:15,System.Void ToolBox.Bridge.ShellConfigurator::.ctor(ToolBox.Bridge.IBridgeSystem,ToolBox.Notification.INotificationSystem)
FNDA:0,System.Void ToolBox.Bridge.ShellConfigurator::.ctor(ToolBox.Bridge.IBridgeSystem,ToolBox.Notification.INotificationSystem)
DA:16,0
DA:17,0
DA:18,0
DA:19,0
DA:20,0
DA:22,0
DA:24,0
DA:25,0
DA:26,0
DA:27,0
DA:29,0
DA:30,0
DA:31,0
DA:33,0
DA:34,0
DA:35,0
DA:36,0
DA:37,0
BRDA:18,14,0,0
BRDA:18,14,1,0
BRDA:24,41,0,0
BRDA:24,41,1,0
BRDA:33,77,0,0
BRDA:33,77,1,0
LF:85
LH:0
BRF:24
BRH:0
FNF:6
FNH:0
end_of_record